Started GET "/" for ::1 at 2020-03-21 20:28:00 -0500
  [1m[35m (2.9ms)[0m  [1m[34mSELECT sqlite_version(*)[0m
  
ActiveRecord::PendingMigrationError (

Migrations are pending. To resolve this issue, run:

        rails db:migrate RAILS_ENV=development

):
  
activerecord (6.0.2.2) lib/active_record/migration.rb:587:in `check_pending!'
activerecord (6.0.2.2) lib/active_record/migration.rb:564:in `call'
actionpack (6.0.2.2) lib/action_dispatch/middleware/callbacks.rb:27:in `block in call'
activesupport (6.0.2.2) lib/active_support/callbacks.rb:101:in `run_callbacks'
actionpack (6.0.2.2) lib/action_dispatch/middleware/callbacks.rb:26:in `call'
actionpack (6.0.2.2) lib/action_dispatch/middleware/executor.rb:14:in `call'
actionpack (6.0.2.2) lib/action_dispatch/middleware/actionable_exceptions.rb:17:in `call'
actionpack (6.0.2.2) lib/action_dispatch/middleware/debug_exceptions.rb:32:in `call'
web-console (4.0.1) lib/web_console/middleware.rb:132:in `call_app'
web-console (4.0.1) lib/web_console/middleware.rb:28:in `block in call'
web-console (4.0.1) lib/web_console/middleware.rb:17:in `catch'
web-console (4.0.1) lib/web_console/middleware.rb:17:in `call'
actionpack (6.0.2.2) lib/action_dispatch/middleware/show_exceptions.rb:33:in `call'
railties (6.0.2.2) lib/rails/rack/logger.rb:38:in `call_app'
railties (6.0.2.2) lib/rails/rack/logger.rb:26:in `block in call'
activesupport (6.0.2.2) lib/active_support/tagged_logging.rb:80:in `block in tagged'
activesupport (6.0.2.2) lib/active_support/tagged_logging.rb:28:in `tagged'
activesupport (6.0.2.2) lib/active_support/tagged_logging.rb:80:in `tagged'
railties (6.0.2.2) lib/rails/rack/logger.rb:26:in `call'
sprockets-rails (3.2.1) lib/sprockets/rails/quiet_assets.rb:13:in `call'
actionpack (6.0.2.2) lib/action_dispatch/middleware/remote_ip.rb:81:in `call'
actionpack (6.0.2.2) lib/action_dispatch/middleware/request_id.rb:27:in `call'
rack (2.2.2) lib/rack/method_override.rb:24:in `call'
rack (2.2.2) lib/rack/runtime.rb:22:in `call'
activesupport (6.0.2.2) lib/active_support/cache/strategy/local_cache_middleware.rb:29:in `call'
actionpack (6.0.2.2) lib/action_dispatch/middleware/executor.rb:14:in `call'
actionpack (6.0.2.2) lib/action_dispatch/middleware/static.rb:126:in `call'
rack (2.2.2) lib/rack/sendfile.rb:110:in `call'
actionpack (6.0.2.2) lib/action_dispatch/middleware/host_authorization.rb:83:in `call'
webpacker (4.2.2) lib/webpacker/dev_server_proxy.rb:23:in `perform_request'
rack-proxy (0.6.5) lib/rack/proxy.rb:57:in `call'
railties (6.0.2.2) lib/rails/engine.rb:526:in `call'
puma (4.3.3) lib/puma/configuration.rb:228:in `call'
puma (4.3.3) lib/puma/server.rb:682:in `handle_request'
puma (4.3.3) lib/puma/server.rb:472:in `process_client'
puma (4.3.3) lib/puma/server.rb:328:in `block in run'
puma (4.3.3) lib/puma/thread_pool.rb:134:in `block in spawn_thread'
  [1m[35m (0.3ms)[0m  [1m[34mSELECT sqlite_version(*)[0m
  [1m[35m (1.4ms)[0m  [1m[35mCREATE TABLE "schema_migrations" ("version" varchar NOT NULL PRIMARY KEY)[0m
  [1m[35m (0.8ms)[0m  [1m[35mCREATE TABLE "ar_internal_metadata" ("key" varchar NOT NULL PRIMARY KEY, "value" varchar, "created_at" datetime(6) NOT NULL, "updated_at" datetime(6) NOT NULL)[0m
  [1m[35m (0.2ms)[0m  [1m[34mSELECT "schema_migrations"."version" FROM "schema_migrations" ORDER BY "schema_migrations"."version" ASC[0m
Migrating to CreateCustomers (20200322003636)
  [1m[35m (0.0ms)[0m  [1m[36mbegin transaction[0m
  [1m[35m (0.4ms)[0m  [1m[35mCREATE TABLE "customers" ("id" integer PRIMARY KEY AUTOINCREMENT NOT NULL, "fullname" varchar, "phone_number" varchar, "email" varchar, "image" varchar, "notes" text, "created_at" datetime(6) NOT NULL, "updated_at" datetime(6) NOT NULL)[0m
  [1m[36mprimary::SchemaMigration Create (0.1ms)[0m  [1m[32mINSERT INTO "schema_migrations" ("version") VALUES (?)[0m  [["version", "20200322003636"]]
  [1m[35m (0.5ms)[0m  [1m[36mcommit transaction[0m
  [1m[36mActiveRecord::InternalMetadata Load (0.1ms)[0m  [1m[34mSELECT "ar_internal_metadata".* FROM "ar_internal_metadata" WHERE "ar_internal_metadata"."key" = ? LIMIT ?[0m  [["key", "environment"], ["LIMIT", 1]]
  [1m[35m (0.0ms)[0m  [1m[36mbegin transaction[0m
  [1m[36mActiveRecord::InternalMetadata Create (0.3ms)[0m  [1m[32mINSERT INTO "ar_internal_metadata" ("key", "value", "created_at", "updated_at") VALUES (?, ?, ?, ?)[0m  [["key", "environment"], ["value", "development"], ["created_at", "2020-03-22 01:28:19.998095"], ["updated_at", "2020-03-22 01:28:19.998095"]]
  [1m[35m (0.6ms)[0m  [1m[36mcommit transaction[0m
  [1m[35m (0.0ms)[0m  [1m[34mSELECT sqlite_version(*)[0m
  [1m[35m (0.1ms)[0m  [1m[34mSELECT "schema_migrations"."version" FROM "schema_migrations" ORDER BY "schema_migrations"."version" ASC[0m
Started GET "/" for ::1 at 2020-03-21 20:28:24 -0500
  [1m[35m (0.1ms)[0m  [1m[34mSELECT sqlite_version(*)[0m
  [1m[35m (0.1ms)[0m  [1m[34mSELECT "schema_migrations"."version" FROM "schema_migrations" ORDER BY "schema_migrations"."version" ASC[0m
Processing by CustomersController#index as HTML
  Rendering customers/index.html.erb within layouts/application
  Rendered customers/index.html.erb within layouts/application (Duration: 0.2ms | Allocations: 91)
[Webpacker] Compiling...
[Webpacker] Compiled all packs in /Users/yueranyu/Public/Term5/02Ruby_on_Rails/Challenge/YueranYu_UltimateChallenges/CustomerRelationManager/public/packs
[Webpacker] Hash: 32e57f147dbdcbbf0c82
Version: webpack 4.42.0
Time: 1411ms
Built at: 03/21/2020 8:28:27 PM
                                     Asset       Size       Chunks                         Chunk Names
    js/application-bbe9c4a129ab949e0636.js    124 KiB  application  [emitted] [immutable]  application
js/application-bbe9c4a129ab949e0636.js.map    139 KiB  application  [emitted] [dev]        application
                             manifest.json  364 bytes               [emitted]              
Entrypoint application = js/application-bbe9c4a129ab949e0636.js js/application-bbe9c4a129ab949e0636.js.map
[./app/javascript/channels sync recursive _channel\.js$] ./app/javascript/channels sync _channel\.js$ 160 bytes {application} [built]
[./app/javascript/channels/index.js] 211 bytes {application} [built]
[./app/javascript/packs/application.js] 749 bytes {application} [built]
[./node_modules/webpack/buildin/module.js] (webpack)/buildin/module.js 552 bytes {application} [built]
    + 3 hidden modules

Completed 200 OK in 3240ms (Views: 3235.3ms | ActiveRecord: 0.0ms | Allocations: 20034)


Started GET "/d" for ::1 at 2020-03-21 20:29:55 -0500
  
ActionController::RoutingError (No route matches [GET] "/d"):
  
actionpack (6.0.2.2) lib/action_dispatch/middleware/debug_exceptions.rb:36:in `call'
web-console (4.0.1) lib/web_console/middleware.rb:132:in `call_app'
web-console (4.0.1) lib/web_console/middleware.rb:28:in `block in call'
web-console (4.0.1) lib/web_console/middleware.rb:17:in `catch'
web-console (4.0.1) lib/web_console/middleware.rb:17:in `call'
actionpack (6.0.2.2) lib/action_dispatch/middleware/show_exceptions.rb:33:in `call'
railties (6.0.2.2) lib/rails/rack/logger.rb:38:in `call_app'
railties (6.0.2.2) lib/rails/rack/logger.rb:26:in `block in call'
activesupport (6.0.2.2) lib/active_support/tagged_logging.rb:80:in `block in tagged'
activesupport (6.0.2.2) lib/active_support/tagged_logging.rb:28:in `tagged'
activesupport (6.0.2.2) lib/active_support/tagged_logging.rb:80:in `tagged'
railties (6.0.2.2) lib/rails/rack/logger.rb:26:in `call'
sprockets-rails (3.2.1) lib/sprockets/rails/quiet_assets.rb:13:in `call'
actionpack (6.0.2.2) lib/action_dispatch/middleware/remote_ip.rb:81:in `call'
actionpack (6.0.2.2) lib/action_dispatch/middleware/request_id.rb:27:in `call'
rack (2.2.2) lib/rack/method_override.rb:24:in `call'
rack (2.2.2) lib/rack/runtime.rb:22:in `call'
activesupport (6.0.2.2) lib/active_support/cache/strategy/local_cache_middleware.rb:29:in `call'
actionpack (6.0.2.2) lib/action_dispatch/middleware/executor.rb:14:in `call'
actionpack (6.0.2.2) lib/action_dispatch/middleware/static.rb:126:in `call'
rack (2.2.2) lib/rack/sendfile.rb:110:in `call'
actionpack (6.0.2.2) lib/action_dispatch/middleware/host_authorization.rb:83:in `call'
webpacker (4.2.2) lib/webpacker/dev_server_proxy.rb:23:in `perform_request'
rack-proxy (0.6.5) lib/rack/proxy.rb:57:in `call'
railties (6.0.2.2) lib/rails/engine.rb:526:in `call'
puma (4.3.3) lib/puma/configuration.rb:228:in `call'
puma (4.3.3) lib/puma/server.rb:682:in `handle_request'
puma (4.3.3) lib/puma/server.rb:472:in `process_client'
puma (4.3.3) lib/puma/server.rb:328:in `block in run'
puma (4.3.3) lib/puma/thread_pool.rb:134:in `block in spawn_thread'
Started GET "/alphabetized" for ::1 at 2020-03-21 20:43:45 -0500
  [1m[35m (0.1ms)[0m  [1m[34mSELECT sqlite_version(*)[0m
  
ActionController::RoutingError (No route matches [GET] "/alphabetized"):
  
actionpack (6.0.2.2) lib/action_dispatch/middleware/debug_exceptions.rb:36:in `call'
web-console (4.0.1) lib/web_console/middleware.rb:132:in `call_app'
web-console (4.0.1) lib/web_console/middleware.rb:28:in `block in call'
web-console (4.0.1) lib/web_console/middleware.rb:17:in `catch'
web-console (4.0.1) lib/web_console/middleware.rb:17:in `call'
actionpack (6.0.2.2) lib/action_dispatch/middleware/show_exceptions.rb:33:in `call'
railties (6.0.2.2) lib/rails/rack/logger.rb:38:in `call_app'
railties (6.0.2.2) lib/rails/rack/logger.rb:26:in `block in call'
activesupport (6.0.2.2) lib/active_support/tagged_logging.rb:80:in `block in tagged'
activesupport (6.0.2.2) lib/active_support/tagged_logging.rb:28:in `tagged'
activesupport (6.0.2.2) lib/active_support/tagged_logging.rb:80:in `tagged'
railties (6.0.2.2) lib/rails/rack/logger.rb:26:in `call'
sprockets-rails (3.2.1) lib/sprockets/rails/quiet_assets.rb:13:in `call'
actionpack (6.0.2.2) lib/action_dispatch/middleware/remote_ip.rb:81:in `call'
actionpack (6.0.2.2) lib/action_dispatch/middleware/request_id.rb:27:in `call'
rack (2.2.2) lib/rack/method_override.rb:24:in `call'
rack (2.2.2) lib/rack/runtime.rb:22:in `call'
activesupport (6.0.2.2) lib/active_support/cache/strategy/local_cache_middleware.rb:29:in `call'
actionpack (6.0.2.2) lib/action_dispatch/middleware/executor.rb:14:in `call'
actionpack (6.0.2.2) lib/action_dispatch/middleware/static.rb:126:in `call'
rack (2.2.2) lib/rack/sendfile.rb:110:in `call'
actionpack (6.0.2.2) lib/action_dispatch/middleware/host_authorization.rb:83:in `call'
webpacker (4.2.2) lib/webpacker/dev_server_proxy.rb:23:in `perform_request'
rack-proxy (0.6.5) lib/rack/proxy.rb:57:in `call'
railties (6.0.2.2) lib/rails/engine.rb:526:in `call'
puma (4.3.3) lib/puma/configuration.rb:228:in `call'
puma (4.3.3) lib/puma/server.rb:682:in `handle_request'
puma (4.3.3) lib/puma/server.rb:472:in `process_client'
puma (4.3.3) lib/puma/server.rb:328:in `block in run'
puma (4.3.3) lib/puma/thread_pool.rb:134:in `block in spawn_thread'
Started GET "/customers/alphabetized" for ::1 at 2020-03-21 20:44:12 -0500
Processing by CustomersController#alphabetized as HTML
  Rendering customers/alphabetized.html.erb within layouts/application
  Rendered customers/alphabetized.html.erb within layouts/application (Duration: 0.3ms | Allocations: 85)
[Webpacker] Everything's up-to-date. Nothing to do
Completed 200 OK in 7ms (Views: 5.7ms | ActiveRecord: 0.0ms | Allocations: 4297)


Started GET "/customers/missing_email" for ::1 at 2020-03-21 20:44:41 -0500
  [1m[35m (0.1ms)[0m  [1m[34mSELECT sqlite_version(*)[0m
Processing by CustomersController#missing_email as HTML
  Rendering customers/missing_email.html.erb within layouts/application
  Rendered customers/missing_email.html.erb within layouts/application (Duration: 0.2ms | Allocations: 91)
[Webpacker] Everything's up-to-date. Nothing to do
Completed 200 OK in 6ms (Views: 5.3ms | ActiveRecord: 0.0ms | Allocations: 4268)


  [1m[35m (0.3ms)[0m  [1m[34mSELECT sqlite_version(*)[0m
  [1m[35m (0.1ms)[0m  [1m[34mSELECT "schema_migrations"."version" FROM "schema_migrations" ORDER BY "schema_migrations"."version" ASC[0m
Migrating to DeviseCreateAdminUsers (20200322020715)
  [1m[35m (0.0ms)[0m  [1m[36mbegin transaction[0m
  [1m[35m (0.4ms)[0m  [1m[35mCREATE TABLE "admin_users" ("id" integer PRIMARY KEY AUTOINCREMENT NOT NULL, "email" varchar DEFAULT '' NOT NULL, "encrypted_password" varchar DEFAULT '' NOT NULL, "reset_password_token" varchar, "reset_password_sent_at" datetime, "remember_created_at" datetime, "created_at" datetime(6) NOT NULL, "updated_at" datetime(6) NOT NULL)[0m
  [1m[35m (0.1ms)[0m  [1m[35mCREATE UNIQUE INDEX "index_admin_users_on_email" ON "admin_users" ("email")[0m
  [1m[35m (0.1ms)[0m  [1m[35mCREATE UNIQUE INDEX "index_admin_users_on_reset_password_token" ON "admin_users" ("reset_password_token")[0m
  [1m[36mprimary::SchemaMigration Create (0.1ms)[0m  [1m[32mINSERT INTO "schema_migrations" ("version") VALUES (?)[0m  [["version", "20200322020715"]]
  [1m[35m (0.6ms)[0m  [1m[36mcommit transaction[0m
Migrating to CreateActiveAdminComments (20200322020718)
  [1m[35m (0.0ms)[0m  [1m[36mbegin transaction[0m
  [1m[35m (0.3ms)[0m  [1m[35mCREATE TABLE "active_admin_comments" ("id" integer PRIMARY KEY AUTOINCREMENT NOT NULL, "namespace" varchar, "body" text, "resource_type" varchar, "resource_id" integer, "author_type" varchar, "author_id" integer, "created_at" datetime(6) NOT NULL, "updated_at" datetime(6) NOT NULL)[0m
  [1m[35m (0.1ms)[0m  [1m[35mCREATE  INDEX "index_active_admin_comments_on_resource_type_and_resource_id" ON "active_admin_comments" ("resource_type", "resource_id")[0m
  [1m[35m (0.1ms)[0m  [1m[35mCREATE  INDEX "index_active_admin_comments_on_author_type_and_author_id" ON "active_admin_comments" ("author_type", "author_id")[0m
  [1m[35m (0.1ms)[0m  [1m[35mCREATE  INDEX "index_active_admin_comments_on_namespace" ON "active_admin_comments" ("namespace")[0m
  [1m[36mprimary::SchemaMigration Create (0.1ms)[0m  [1m[32mINSERT INTO "schema_migrations" ("version") VALUES (?)[0m  [["version", "20200322020718"]]
  [1m[35m (0.6ms)[0m  [1m[36mcommit transaction[0m
  [1m[36mActiveRecord::InternalMetadata Load (0.1ms)[0m  [1m[34mSELECT "ar_internal_metadata".* FROM "ar_internal_metadata" WHERE "ar_internal_metadata"."key" = ? LIMIT ?[0m  [["key", "environment"], ["LIMIT", 1]]
  [1m[35m (0.0ms)[0m  [1m[34mSELECT sqlite_version(*)[0m
  [1m[35m (0.1ms)[0m  [1m[34mSELECT "schema_migrations"."version" FROM "schema_migrations" ORDER BY "schema_migrations"."version" ASC[0m
  [1m[35m (0.9ms)[0m  [1m[34mSELECT sqlite_version(*)[0m
  [1m[35m (0.1ms)[0m  [1m[34mSELECT "schema_migrations"."version" FROM "schema_migrations" ORDER BY "schema_migrations"."version" ASC[0m
  [1m[35m (0.0ms)[0m  [1m[34mSELECT sqlite_version(*)[0m
  [1m[35m (0.0ms)[0m  [1m[36mbegin transaction[0m
  [1m[36mAdminUser Exists? (1.4ms)[0m  [1m[34mSELECT 1 AS one FROM "admin_users" WHERE "admin_users"."email" = ? LIMIT ?[0m  [["email", "admin@example.com"], ["LIMIT", 1]]
  [1m[36mAdminUser Create (1.5ms)[0m  [1m[32mINSERT INTO "admin_users" ("email", "encrypted_password", "created_at", "updated_at") VALUES (?, ?, ?, ?)[0m  [["email", "admin@example.com"], ["encrypted_password", "$2a$11$kY/Yk9D9MQ.zY9s2/SC1Cu1byVOaMUelxLsX4F.IpuG.QSdVYOiLy"], ["created_at", "2020-03-22 02:55:50.313596"], ["updated_at", "2020-03-22 02:55:50.313596"]]
  [1m[35m (0.8ms)[0m  [1m[36mcommit transaction[0m
Started GET "/" for ::1 at 2020-03-21 22:18:28 -0500
  [1m[35m (0.5ms)[0m  [1m[34mSELECT sqlite_version(*)[0m
  [1m[35m (0.2ms)[0m  [1m[34mSELECT "schema_migrations"."version" FROM "schema_migrations" ORDER BY "schema_migrations"."version" ASC[0m
Processing by CustomersController#index as HTML
  Rendering customers/index.html.erb within layouts/application
  Rendered customers/index.html.erb within layouts/application (Duration: 4.9ms | Allocations: 327)
[Webpacker] Everything's up-to-date. Nothing to do
Completed 200 OK in 587ms (Views: 580.1ms | ActiveRecord: 0.0ms | Allocations: 199745)


Started GET "/admin" for ::1 at 2020-03-21 22:18:35 -0500
Processing by Admin::DashboardController#index as HTML
Completed 401 Unauthorized in 4ms (ActiveRecord: 0.0ms | Allocations: 474)


Started GET "/admin/login" for ::1 at 2020-03-21 22:18:35 -0500
Processing by ActiveAdmin::Devise::SessionsController#new as HTML
  Rendering /Users/yueranyu/.rvm/gems/ruby-2.6.3/gems/activeadmin-2.6.1/app/views/active_admin/devise/sessions/new.html.erb within layouts/active_admin_logged_out
  Rendered /Users/yueranyu/.rvm/gems/ruby-2.6.3/gems/activeadmin-2.6.1/app/views/active_admin/devise/shared/_links.erb (Duration: 1.2ms | Allocations: 615)
  Rendered /Users/yueranyu/.rvm/gems/ruby-2.6.3/gems/activeadmin-2.6.1/app/views/active_admin/devise/sessions/new.html.erb within layouts/active_admin_logged_out (Duration: 27.2ms | Allocations: 11084)
Completed 200 OK in 238ms (Views: 228.4ms | ActiveRecord: 0.6ms | Allocations: 90349)


Started POST "/admin/login" for ::1 at 2020-03-21 22:19:09 -0500
Processing by ActiveAdmin::Devise::SessionsController#create as HTML
  Parameters: {"authenticity_token"=>"Y27yAdUSDoNNYKgUlfNph5ei2dsqK51iruOSjA1nGNGO0RvMMCYbMJLna4fW6i2F+OWze1ynTjQRCDkEBKLTKw==", "admin_user"=>{"email"=>"admin@example.com", "password"=>"[FILTERED]", "remember_me"=>"1"}, "commit"=>"Login"}
  [1m[36mAdminUser Load (0.6ms)[0m  [1m[34mSELECT "admin_users".* FROM "admin_users" WHERE "admin_users"."email" = ? ORDER BY "admin_users"."id" ASC LIMIT ?[0m  [["email", "admin@example.com"], ["LIMIT", 1]]
  [1m[35m (0.0ms)[0m  [1m[36mbegin transaction[0m
  [1m[36mAdminUser Update (0.4ms)[0m  [1m[33mUPDATE "admin_users" SET "remember_created_at" = ?, "updated_at" = ? WHERE "admin_users"."id" = ?[0m  [["remember_created_at", "2020-03-22 03:19:09.974125"], ["updated_at", "2020-03-22 03:19:09.974435"], ["id", 1]]
  [1m[35m (0.7ms)[0m  [1m[36mcommit transaction[0m
Redirected to http://localhost:3000/admin
Completed 302 Found in 128ms (ActiveRecord: 1.7ms | Allocations: 11496)


Started GET "/admin" for ::1 at 2020-03-21 22:19:09 -0500
Processing by Admin::DashboardController#index as HTML
  [1m[36mAdminUser Load (0.2ms)[0m  [1m[34mSELECT "admin_users".* FROM "admin_users" WHERE "admin_users"."id" = ? ORDER BY "admin_users"."id" ASC LIMIT ?[0m  [["id", 1], ["LIMIT", 1]]
  Rendering /Users/yueranyu/.rvm/gems/ruby-2.6.3/gems/activeadmin-2.6.1/app/views/active_admin/page/index.html.arb
  Rendered /Users/yueranyu/.rvm/gems/ruby-2.6.3/gems/activeadmin-2.6.1/app/views/active_admin/page/index.html.arb (Duration: 16.8ms | Allocations: 16615)
Completed 200 OK in 23ms (Views: 18.1ms | ActiveRecord: 0.2ms | Allocations: 19748)


Started GET "/admin/admin_users" for ::1 at 2020-03-21 22:20:03 -0500
Processing by Admin::AdminUsersController#index as HTML
  [1m[36mAdminUser Load (0.1ms)[0m  [1m[34mSELECT "admin_users".* FROM "admin_users" WHERE "admin_users"."id" = ? ORDER BY "admin_users"."id" ASC LIMIT ?[0m  [["id", 1], ["LIMIT", 1]]
  Rendering /Users/yueranyu/.rvm/gems/ruby-2.6.3/gems/activeadmin-2.6.1/app/views/active_admin/resource/index.html.arb
  [1m[35m (0.4ms)[0m  [1m[34mSELECT COUNT(*) FROM (SELECT 1 AS one FROM "admin_users" LIMIT ? OFFSET ?) subquery_for_count[0m  [["LIMIT", 30], ["OFFSET", 0]]
  [1m[35mCACHE  (0.0ms)[0m  [1m[34mSELECT COUNT(*) FROM (SELECT 1 AS one FROM "admin_users" LIMIT ? OFFSET ?) subquery_for_count[0m  [["LIMIT", 30], ["OFFSET", 0]]
  [1m[35m (0.1ms)[0m  [1m[34mSELECT COUNT(*) FROM "admin_users"[0m
  [1m[35mCACHE  (0.0ms)[0m  [1m[34mSELECT COUNT(*) FROM (SELECT 1 AS one FROM "admin_users" LIMIT ? OFFSET ?) subquery_for_count[0m  [["LIMIT", 30], ["OFFSET", 0]]
  [1m[36mAdminUser Load (0.2ms)[0m  [1m[34mSELECT "admin_users".* FROM "admin_users" ORDER BY "admin_users"."id" desc LIMIT ? OFFSET ?[0m  [["LIMIT", 30], ["OFFSET", 0]]
  Rendered /Users/yueranyu/.rvm/gems/ruby-2.6.3/gems/activeadmin-2.6.1/app/views/active_admin/resource/index.html.arb (Duration: 59.9ms | Allocations: 40895)
Completed 200 OK in 76ms (Views: 61.5ms | ActiveRecord: 0.9ms | Allocations: 47523)


Started GET "/admin/admin_users/1" for ::1 at 2020-03-21 22:21:19 -0500
Processing by Admin::AdminUsersController#show as HTML
  Parameters: {"id"=>"1"}
  [1m[36mAdminUser Load (0.1ms)[0m  [1m[34mSELECT "admin_users".* FROM "admin_users" WHERE "admin_users"."id" = ? ORDER BY "admin_users"."id" ASC LIMIT ?[0m  [["id", 1], ["LIMIT", 1]]
  [1m[36mAdminUser Load (0.1ms)[0m  [1m[34mSELECT "admin_users".* FROM "admin_users" WHERE "admin_users"."id" = ? LIMIT ?[0m  [["id", 1], ["LIMIT", 1]]
  Rendering /Users/yueranyu/.rvm/gems/ruby-2.6.3/gems/activeadmin-2.6.1/app/views/active_admin/resource/show.html.arb
  [1m[35m (0.4ms)[0m  [1m[34mSELECT COUNT(*) FROM "active_admin_comments" WHERE "active_admin_comments"."resource_type" = ? AND "active_admin_comments"."resource_id" = ? AND "active_admin_comments"."namespace" = ?[0m  [["resource_type", "AdminUser"], ["resource_id", 1], ["namespace", "admin"]]
  [1m[36mActiveAdmin::Comment Exists? (0.1ms)[0m  [1m[34mSELECT 1 AS one FROM "active_admin_comments" WHERE "active_admin_comments"."resource_type" = ? AND "active_admin_comments"."resource_id" = ? AND "active_admin_comments"."namespace" = ? LIMIT ? OFFSET ?[0m  [["resource_type", "AdminUser"], ["resource_id", 1], ["namespace", "admin"], ["LIMIT", 1], ["OFFSET", 0]]
  Rendered /Users/yueranyu/.rvm/gems/ruby-2.6.3/gems/activeadmin-2.6.1/app/views/active_admin/resource/show.html.arb (Duration: 43.2ms | Allocations: 40030)
Completed 200 OK in 48ms (Views: 43.7ms | ActiveRecord: 1.3ms | Allocations: 44069)


Started GET "/admin/admin_users" for ::1 at 2020-03-21 22:21:22 -0500
Processing by Admin::AdminUsersController#index as HTML
  [1m[36mAdminUser Load (0.1ms)[0m  [1m[34mSELECT "admin_users".* FROM "admin_users" WHERE "admin_users"."id" = ? ORDER BY "admin_users"."id" ASC LIMIT ?[0m  [["id", 1], ["LIMIT", 1]]
  Rendering /Users/yueranyu/.rvm/gems/ruby-2.6.3/gems/activeadmin-2.6.1/app/views/active_admin/resource/index.html.arb
  [1m[35m (0.2ms)[0m  [1m[34mSELECT COUNT(*) FROM (SELECT 1 AS one FROM "admin_users" LIMIT ? OFFSET ?) subquery_for_count[0m  [["LIMIT", 30], ["OFFSET", 0]]
  [1m[35mCACHE  (0.0ms)[0m  [1m[34mSELECT COUNT(*) FROM (SELECT 1 AS one FROM "admin_users" LIMIT ? OFFSET ?) subquery_for_count[0m  [["LIMIT", 30], ["OFFSET", 0]]
  [1m[35m (0.1ms)[0m  [1m[34mSELECT COUNT(*) FROM "admin_users"[0m
  [1m[35mCACHE  (0.0ms)[0m  [1m[34mSELECT COUNT(*) FROM (SELECT 1 AS one FROM "admin_users" LIMIT ? OFFSET ?) subquery_for_count[0m  [["LIMIT", 30], ["OFFSET", 0]]
  [1m[36mAdminUser Load (0.2ms)[0m  [1m[34mSELECT "admin_users".* FROM "admin_users" ORDER BY "admin_users"."id" desc LIMIT ? OFFSET ?[0m  [["LIMIT", 30], ["OFFSET", 0]]
  Rendered /Users/yueranyu/.rvm/gems/ruby-2.6.3/gems/activeadmin-2.6.1/app/views/active_admin/resource/index.html.arb (Duration: 34.3ms | Allocations: 37408)
Completed 200 OK in 37ms (Views: 34.2ms | ActiveRecord: 0.6ms | Allocations: 39615)


Started GET "/admin/admin_users/1/edit" for ::1 at 2020-03-21 22:21:37 -0500
Processing by Admin::AdminUsersController#edit as HTML
  Parameters: {"id"=>"1"}
  [1m[36mAdminUser Load (0.1ms)[0m  [1m[34mSELECT "admin_users".* FROM "admin_users" WHERE "admin_users"."id" = ? ORDER BY "admin_users"."id" ASC LIMIT ?[0m  [["id", 1], ["LIMIT", 1]]
  [1m[36mAdminUser Load (0.1ms)[0m  [1m[34mSELECT "admin_users".* FROM "admin_users" WHERE "admin_users"."id" = ? LIMIT ?[0m  [["id", 1], ["LIMIT", 1]]
  Rendering /Users/yueranyu/.rvm/gems/ruby-2.6.3/gems/activeadmin-2.6.1/app/views/active_admin/resource/edit.html.arb
  [1m[36mCACHE AdminUser Load (0.0ms)[0m  [1m[34mSELECT "admin_users".* FROM "admin_users" WHERE "admin_users"."id" = ? LIMIT ?[0m  [["id", 1], ["LIMIT", 1]]
  Rendered /Users/yueranyu/.rvm/gems/ruby-2.6.3/gems/activeadmin-2.6.1/app/views/active_admin/resource/edit.html.arb (Duration: 38.8ms | Allocations: 25405)
Completed 200 OK in 44ms (Views: 40.7ms | ActiveRecord: 0.2ms | Allocations: 29293)


Started GET "/admin/admin_users/1" for ::1 at 2020-03-21 22:21:47 -0500
Processing by Admin::AdminUsersController#show as HTML
  Parameters: {"id"=>"1"}
  [1m[36mAdminUser Load (0.1ms)[0m  [1m[34mSELECT "admin_users".* FROM "admin_users" WHERE "admin_users"."id" = ? ORDER BY "admin_users"."id" ASC LIMIT ?[0m  [["id", 1], ["LIMIT", 1]]
  [1m[36mAdminUser Load (0.1ms)[0m  [1m[34mSELECT "admin_users".* FROM "admin_users" WHERE "admin_users"."id" = ? LIMIT ?[0m  [["id", 1], ["LIMIT", 1]]
  Rendering /Users/yueranyu/.rvm/gems/ruby-2.6.3/gems/activeadmin-2.6.1/app/views/active_admin/resource/show.html.arb
  [1m[35m (0.2ms)[0m  [1m[34mSELECT COUNT(*) FROM "active_admin_comments" WHERE "active_admin_comments"."resource_type" = ? AND "active_admin_comments"."resource_id" = ? AND "active_admin_comments"."namespace" = ?[0m  [["resource_type", "AdminUser"], ["resource_id", 1], ["namespace", "admin"]]
  [1m[36mActiveAdmin::Comment Exists? (0.1ms)[0m  [1m[34mSELECT 1 AS one FROM "active_admin_comments" WHERE "active_admin_comments"."resource_type" = ? AND "active_admin_comments"."resource_id" = ? AND "active_admin_comments"."namespace" = ? LIMIT ? OFFSET ?[0m  [["resource_type", "AdminUser"], ["resource_id", 1], ["namespace", "admin"], ["LIMIT", 1], ["OFFSET", 0]]
  Rendered /Users/yueranyu/.rvm/gems/ruby-2.6.3/gems/activeadmin-2.6.1/app/views/active_admin/resource/show.html.arb (Duration: 25.4ms | Allocations: 28554)
Completed 200 OK in 29ms (Views: 25.5ms | ActiveRecord: 0.5ms | Allocations: 31560)


Started POST "/admin/comments" for ::1 at 2020-03-21 22:21:56 -0500
Processing by Admin::CommentsController#create as HTML
  Parameters: {"authenticity_token"=>"6IVdh59vPC8as41pqa1ZrDa35NQ4LyaJlU+OSRzBMPD9q9nLPuCU2IxqU9OIT0HX3lEUeMD+X+YRrmbA5iKY7w==", "active_admin_comment"=>{"resource_type"=>"AdminUser", "resource_id"=>"1", "body"=>"This is a test comment."}, "commit"=>"Add Comment"}
  [1m[36mAdminUser Load (0.1ms)[0m  [1m[34mSELECT "admin_users".* FROM "admin_users" WHERE "admin_users"."id" = ? ORDER BY "admin_users"."id" ASC LIMIT ?[0m  [["id", 1], ["LIMIT", 1]]
  [1m[35m (0.0ms)[0m  [1m[36mbegin transaction[0m
  [1m[36mAdminUser Load (0.1ms)[0m  [1m[34mSELECT "admin_users".* FROM "admin_users" WHERE "admin_users"."id" = ? LIMIT ?[0m  [["id", 1], ["LIMIT", 1]]
  [1m[36mActiveAdmin::Comment Create (1.2ms)[0m  [1m[32mINSERT INTO "active_admin_comments" ("namespace", "body", "resource_type", "resource_id", "author_type", "author_id", "created_at", "updated_at") VALUES (?, ?, ?, ?, ?, ?, ?, ?)[0m  [["namespace", "admin"], ["body", "This is a test comment."], ["resource_type", "AdminUser"], ["resource_id", 1], ["author_type", "AdminUser"], ["author_id", 1], ["created_at", "2020-03-22 03:21:56.603460"], ["updated_at", "2020-03-22 03:21:56.603460"]]
  [1m[35m (0.6ms)[0m  [1m[36mcommit transaction[0m
Redirected to http://localhost:3000/admin/admin_users/1
Completed 302 Found in 28ms (ActiveRecord: 2.1ms | Allocations: 14785)


Started GET "/admin/admin_users/1" for ::1 at 2020-03-21 22:21:56 -0500
Processing by Admin::AdminUsersController#show as HTML
  Parameters: {"id"=>"1"}
  [1m[36mAdminUser Load (0.1ms)[0m  [1m[34mSELECT "admin_users".* FROM "admin_users" WHERE "admin_users"."id" = ? ORDER BY "admin_users"."id" ASC LIMIT ?[0m  [["id", 1], ["LIMIT", 1]]
  [1m[36mAdminUser Load (0.1ms)[0m  [1m[34mSELECT "admin_users".* FROM "admin_users" WHERE "admin_users"."id" = ? LIMIT ?[0m  [["id", 1], ["LIMIT", 1]]
  Rendering /Users/yueranyu/.rvm/gems/ruby-2.6.3/gems/activeadmin-2.6.1/app/views/active_admin/resource/show.html.arb
  [1m[35m (0.2ms)[0m  [1m[34mSELECT COUNT(*) FROM "active_admin_comments" WHERE "active_admin_comments"."resource_type" = ? AND "active_admin_comments"."resource_id" = ? AND "active_admin_comments"."namespace" = ?[0m  [["resource_type", "AdminUser"], ["resource_id", 1], ["namespace", "admin"]]
  [1m[36mActiveAdmin::Comment Exists? (0.1ms)[0m  [1m[34mSELECT 1 AS one FROM "active_admin_comments" WHERE "active_admin_comments"."resource_type" = ? AND "active_admin_comments"."resource_id" = ? AND "active_admin_comments"."namespace" = ? LIMIT ? OFFSET ?[0m  [["resource_type", "AdminUser"], ["resource_id", 1], ["namespace", "admin"], ["LIMIT", 1], ["OFFSET", 0]]
  [1m[36mActiveAdmin::Comment Load (0.2ms)[0m  [1m[34mSELECT "active_admin_comments".* FROM "active_admin_comments" WHERE "active_admin_comments"."resource_type" = ? AND "active_admin_comments"."resource_id" = ? AND "active_admin_comments"."namespace" = ? ORDER BY created_at ASC LIMIT ? OFFSET ?[0m  [["resource_type", "AdminUser"], ["resource_id", 1], ["namespace", "admin"], ["LIMIT", 25], ["OFFSET", 0]]
  [1m[36mAdminUser Load (0.2ms)[0m  [1m[34mSELECT "admin_users".* FROM "admin_users" WHERE "admin_users"."id" = ?[0m  [["id", 1]]
  Rendered /Users/yueranyu/.rvm/gems/ruby-2.6.3/gems/activeadmin-2.6.1/app/views/active_admin/resource/show.html.arb (Duration: 35.3ms | Allocations: 35015)
Completed 200 OK in 39ms (Views: 35.0ms | ActiveRecord: 0.8ms | Allocations: 38033)


  [1m[35m (1.2ms)[0m  [1m[34mSELECT sqlite_version(*)[0m
Started GET "/admin/admin_users/1" for ::1 at 2020-03-21 22:27:22 -0500
  [1m[35m (0.0ms)[0m  [1m[34mSELECT sqlite_version(*)[0m
Processing by Admin::AdminUsersController#show as HTML
  Parameters: {"id"=>"1"}
  [1m[36mAdminUser Load (0.1ms)[0m  [1m[34mSELECT "admin_users".* FROM "admin_users" WHERE "admin_users"."id" = ? ORDER BY "admin_users"."id" ASC LIMIT ?[0m  [["id", 1], ["LIMIT", 1]]
  [1m[36mAdminUser Load (0.1ms)[0m  [1m[34mSELECT "admin_users".* FROM "admin_users" WHERE "admin_users"."id" = ? LIMIT ?[0m  [["id", 1], ["LIMIT", 1]]
  Rendering /Users/yueranyu/.rvm/gems/ruby-2.6.3/gems/activeadmin-2.6.1/app/views/active_admin/resource/show.html.arb
  [1m[35m (0.1ms)[0m  [1m[34mSELECT COUNT(*) FROM "active_admin_comments" WHERE "active_admin_comments"."resource_type" = ? AND "active_admin_comments"."resource_id" = ? AND "active_admin_comments"."namespace" = ?[0m  [["resource_type", "AdminUser"], ["resource_id", 1], ["namespace", "admin"]]
  [1m[36mActiveAdmin::Comment Exists? (0.1ms)[0m  [1m[34mSELECT 1 AS one FROM "active_admin_comments" WHERE "active_admin_comments"."resource_type" = ? AND "active_admin_comments"."resource_id" = ? AND "active_admin_comments"."namespace" = ? LIMIT ? OFFSET ?[0m  [["resource_type", "AdminUser"], ["resource_id", 1], ["namespace", "admin"], ["LIMIT", 1], ["OFFSET", 0]]
  [1m[36mActiveAdmin::Comment Load (0.1ms)[0m  [1m[34mSELECT "active_admin_comments".* FROM "active_admin_comments" WHERE "active_admin_comments"."resource_type" = ? AND "active_admin_comments"."resource_id" = ? AND "active_admin_comments"."namespace" = ? ORDER BY created_at ASC LIMIT ? OFFSET ?[0m  [["resource_type", "AdminUser"], ["resource_id", 1], ["namespace", "admin"], ["LIMIT", 25], ["OFFSET", 0]]
  [1m[36mAdminUser Load (0.1ms)[0m  [1m[34mSELECT "admin_users".* FROM "admin_users" WHERE "admin_users"."id" = ?[0m  [["id", 1]]
  Rendered /Users/yueranyu/.rvm/gems/ruby-2.6.3/gems/activeadmin-2.6.1/app/views/active_admin/resource/show.html.arb (Duration: 23.1ms | Allocations: 34425)
Completed 200 OK in 33ms (Views: 23.1ms | ActiveRecord: 1.0ms | Allocations: 44251)


Started GET "/admin/admin_users/1" for ::1 at 2020-03-21 22:31:12 -0500
  [1m[35m (0.0ms)[0m  [1m[34mSELECT sqlite_version(*)[0m
Processing by Admin::AdminUsersController#show as HTML
  Parameters: {"id"=>"1"}
  [1m[36mAdminUser Load (0.1ms)[0m  [1m[34mSELECT "admin_users".* FROM "admin_users" WHERE "admin_users"."id" = ? ORDER BY "admin_users"."id" ASC LIMIT ?[0m  [["id", 1], ["LIMIT", 1]]
  [1m[36mAdminUser Load (0.1ms)[0m  [1m[34mSELECT "admin_users".* FROM "admin_users" WHERE "admin_users"."id" = ? LIMIT ?[0m  [["id", 1], ["LIMIT", 1]]
  Rendering /Users/yueranyu/.rvm/gems/ruby-2.6.3/gems/activeadmin-2.6.1/app/views/active_admin/resource/show.html.arb
  [1m[35m (0.2ms)[0m  [1m[34mSELECT COUNT(*) FROM "active_admin_comments" WHERE "active_admin_comments"."resource_type" = ? AND "active_admin_comments"."resource_id" = ? AND "active_admin_comments"."namespace" = ?[0m  [["resource_type", "AdminUser"], ["resource_id", 1], ["namespace", "admin"]]
  [1m[36mActiveAdmin::Comment Exists? (0.1ms)[0m  [1m[34mSELECT 1 AS one FROM "active_admin_comments" WHERE "active_admin_comments"."resource_type" = ? AND "active_admin_comments"."resource_id" = ? AND "active_admin_comments"."namespace" = ? LIMIT ? OFFSET ?[0m  [["resource_type", "AdminUser"], ["resource_id", 1], ["namespace", "admin"], ["LIMIT", 1], ["OFFSET", 0]]
  [1m[36mActiveAdmin::Comment Load (0.2ms)[0m  [1m[34mSELECT "active_admin_comments".* FROM "active_admin_comments" WHERE "active_admin_comments"."resource_type" = ? AND "active_admin_comments"."resource_id" = ? AND "active_admin_comments"."namespace" = ? ORDER BY created_at ASC LIMIT ? OFFSET ?[0m  [["resource_type", "AdminUser"], ["resource_id", 1], ["namespace", "admin"], ["LIMIT", 25], ["OFFSET", 0]]
  [1m[36mAdminUser Load (0.1ms)[0m  [1m[34mSELECT "admin_users".* FROM "admin_users" WHERE "admin_users"."id" = ?[0m  [["id", 1]]
  Rendered /Users/yueranyu/.rvm/gems/ruby-2.6.3/gems/activeadmin-2.6.1/app/views/active_admin/resource/show.html.arb (Duration: 26.9ms | Allocations: 34419)
Completed 200 OK in 39ms (Views: 26.9ms | ActiveRecord: 1.3ms | Allocations: 44237)


Started GET "/admin/customers" for ::1 at 2020-03-21 22:31:14 -0500
Processing by Admin::CustomersController#index as HTML
  [1m[36mAdminUser Load (0.1ms)[0m  [1m[34mSELECT "admin_users".* FROM "admin_users" WHERE "admin_users"."id" = ? ORDER BY "admin_users"."id" ASC LIMIT ?[0m  [["id", 1], ["LIMIT", 1]]
  Rendering /Users/yueranyu/.rvm/gems/ruby-2.6.3/gems/activeadmin-2.6.1/app/views/active_admin/resource/index.html.arb
  [1m[35m (0.2ms)[0m  [1m[34mSELECT COUNT(*) FROM (SELECT 1 AS one FROM "customers" LIMIT ? OFFSET ?) subquery_for_count[0m  [["LIMIT", 30], ["OFFSET", 0]]
  Rendered /Users/yueranyu/.rvm/gems/ruby-2.6.3/gems/activeadmin-2.6.1/app/views/active_admin/resource/index.html.arb (Duration: 40.2ms | Allocations: 29633)
Completed 200 OK in 46ms (Views: 41.6ms | ActiveRecord: 0.8ms | Allocations: 33236)


Started GET "/admin/customers/new" for ::1 at 2020-03-21 22:32:13 -0500
Processing by Admin::CustomersController#new as HTML
  [1m[36mAdminUser Load (0.1ms)[0m  [1m[34mSELECT "admin_users".* FROM "admin_users" WHERE "admin_users"."id" = ? ORDER BY "admin_users"."id" ASC LIMIT ?[0m  [["id", 1], ["LIMIT", 1]]
  Rendering /Users/yueranyu/.rvm/gems/ruby-2.6.3/gems/activeadmin-2.6.1/app/views/active_admin/resource/new.html.arb
  Rendered /Users/yueranyu/.rvm/gems/ruby-2.6.3/gems/activeadmin-2.6.1/app/views/active_admin/resource/new.html.arb (Duration: 32.8ms | Allocations: 31217)
Completed 200 OK in 42ms (Views: 34.8ms | ActiveRecord: 0.1ms | Allocations: 38628)


Started POST "/admin/customers" for ::1 at 2020-03-21 22:33:39 -0500
Processing by Admin::CustomersController#create as HTML
  Parameters: {"authenticity_token"=>"woB5z3LyKzLHMSdwDgt4MVVU/oRmmRN7f857t53WAxvXrv2D032DxVHo+cov6WBKvbIOKJ5IahT7L5M+ZzWrBA==", "customer"=>{"fullname"=>"Moon", "phone_number"=>"1233333444", "email"=>"e", "image"=>"", "notes"=>""}, "commit"=>"Create Customer"}
  [1m[36mAdminUser Load (0.1ms)[0m  [1m[34mSELECT "admin_users".* FROM "admin_users" WHERE "admin_users"."id" = ? ORDER BY "admin_users"."id" ASC LIMIT ?[0m  [["id", 1], ["LIMIT", 1]]
  [1m[35m (0.1ms)[0m  [1m[36mbegin transaction[0m
  [1m[36mCustomer Create (0.5ms)[0m  [1m[32mINSERT INTO "customers" ("fullname", "phone_number", "email", "image", "notes", "created_at", "updated_at") VALUES (?, ?, ?, ?, ?, ?, ?)[0m  [["fullname", "Moon"], ["phone_number", "1233333444"], ["email", "e"], ["image", ""], ["notes", ""], ["created_at", "2020-03-22 03:33:39.461007"], ["updated_at", "2020-03-22 03:33:39.461007"]]
  [1m[35m (0.7ms)[0m  [1m[36mcommit transaction[0m
Redirected to http://localhost:3000/admin/customers/1
Completed 302 Found in 14ms (ActiveRecord: 1.4ms | Allocations: 9960)


Started GET "/admin/customers/1" for ::1 at 2020-03-21 22:33:39 -0500
Processing by Admin::CustomersController#show as HTML
  Parameters: {"id"=>"1"}
  [1m[36mAdminUser Load (0.1ms)[0m  [1m[34mSELECT "admin_users".* FROM "admin_users" WHERE "admin_users"."id" = ? ORDER BY "admin_users"."id" ASC LIMIT ?[0m  [["id", 1], ["LIMIT", 1]]
  [1m[36mCustomer Load (0.2ms)[0m  [1m[34mSELECT "customers".* FROM "customers" WHERE "customers"."id" = ? LIMIT ?[0m  [["id", 1], ["LIMIT", 1]]
  Rendering /Users/yueranyu/.rvm/gems/ruby-2.6.3/gems/activeadmin-2.6.1/app/views/active_admin/resource/show.html.arb
  [1m[35m (0.2ms)[0m  [1m[34mSELECT COUNT(*) FROM "active_admin_comments" WHERE "active_admin_comments"."resource_type" = ? AND "active_admin_comments"."resource_id" = ? AND "active_admin_comments"."namespace" = ?[0m  [["resource_type", "Customer"], ["resource_id", 1], ["namespace", "admin"]]
  [1m[36mActiveAdmin::Comment Exists? (0.1ms)[0m  [1m[34mSELECT 1 AS one FROM "active_admin_comments" WHERE "active_admin_comments"."resource_type" = ? AND "active_admin_comments"."resource_id" = ? AND "active_admin_comments"."namespace" = ? LIMIT ? OFFSET ?[0m  [["resource_type", "Customer"], ["resource_id", 1], ["namespace", "admin"], ["LIMIT", 1], ["OFFSET", 0]]
  Rendered /Users/yueranyu/.rvm/gems/ruby-2.6.3/gems/activeadmin-2.6.1/app/views/active_admin/resource/show.html.arb (Duration: 36.8ms | Allocations: 29195)
Completed 200 OK in 42ms (Views: 38.0ms | ActiveRecord: 0.6ms | Allocations: 32890)


Started GET "/admin/customers" for ::1 at 2020-03-21 22:33:43 -0500
Processing by Admin::CustomersController#index as HTML
  [1m[36mAdminUser Load (0.1ms)[0m  [1m[34mSELECT "admin_users".* FROM "admin_users" WHERE "admin_users"."id" = ? ORDER BY "admin_users"."id" ASC LIMIT ?[0m  [["id", 1], ["LIMIT", 1]]
  Rendering /Users/yueranyu/.rvm/gems/ruby-2.6.3/gems/activeadmin-2.6.1/app/views/active_admin/resource/index.html.arb
  [1m[35m (0.2ms)[0m  [1m[34mSELECT COUNT(*) FROM (SELECT 1 AS one FROM "customers" LIMIT ? OFFSET ?) subquery_for_count[0m  [["LIMIT", 30], ["OFFSET", 0]]
  [1m[35mCACHE  (0.0ms)[0m  [1m[34mSELECT COUNT(*) FROM (SELECT 1 AS one FROM "customers" LIMIT ? OFFSET ?) subquery_for_count[0m  [["LIMIT", 30], ["OFFSET", 0]]
  [1m[35m (0.1ms)[0m  [1m[34mSELECT COUNT(*) FROM "customers"[0m
  [1m[35mCACHE  (0.0ms)[0m  [1m[34mSELECT COUNT(*) FROM (SELECT 1 AS one FROM "customers" LIMIT ? OFFSET ?) subquery_for_count[0m  [["LIMIT", 30], ["OFFSET", 0]]
  [1m[36mCustomer Load (0.1ms)[0m  [1m[34mSELECT "customers".* FROM "customers" ORDER BY "customers"."id" desc LIMIT ? OFFSET ?[0m  [["LIMIT", 30], ["OFFSET", 0]]
  Rendered /Users/yueranyu/.rvm/gems/ruby-2.6.3/gems/activeadmin-2.6.1/app/views/active_admin/resource/index.html.arb (Duration: 38.2ms | Allocations: 43580)
Completed 200 OK in 41ms (Views: 38.2ms | ActiveRecord: 0.5ms | Allocations: 45783)


Started GET "/admin/customers/new" for ::1 at 2020-03-21 22:39:03 -0500
  [1m[35m (0.1ms)[0m  [1m[34mSELECT sqlite_version(*)[0m
Processing by Admin::CustomersController#new as HTML
  [1m[36mAdminUser Load (0.1ms)[0m  [1m[34mSELECT "admin_users".* FROM "admin_users" WHERE "admin_users"."id" = ? ORDER BY "admin_users"."id" ASC LIMIT ?[0m  [["id", 1], ["LIMIT", 1]]
  Rendering /Users/yueranyu/.rvm/gems/ruby-2.6.3/gems/activeadmin-2.6.1/app/views/active_admin/resource/new.html.arb
  Rendered /Users/yueranyu/.rvm/gems/ruby-2.6.3/gems/activeadmin-2.6.1/app/views/active_admin/resource/new.html.arb (Duration: 22.6ms | Allocations: 29628)
Completed 200 OK in 39ms (Views: 23.3ms | ActiveRecord: 1.0ms | Allocations: 43203)


Started POST "/admin/customers" for ::1 at 2020-03-21 22:40:01 -0500
Processing by Admin::CustomersController#create as HTML
  Parameters: {"authenticity_token"=>"02wlftjAuRWsTE1htFXSyYQGcAQEFfyHJKhwatxnlEbGQqEyeU8R4jqVk9uVt8qybOCAqPzEheigSZjjJoQ8WQ==", "customer"=>{"fullname"=>"Ami", "phone_number"=>"20291023934", "email"=>"ami@rrc.ca", "image"=>"", "notes"=>"Ami short blue hair"}, "commit"=>"Create Customer"}
  [1m[36mAdminUser Load (0.1ms)[0m  [1m[34mSELECT "admin_users".* FROM "admin_users" WHERE "admin_users"."id" = ? ORDER BY "admin_users"."id" ASC LIMIT ?[0m  [["id", 1], ["LIMIT", 1]]
  [1m[35m (0.1ms)[0m  [1m[36mbegin transaction[0m
  [1m[36mCustomer Create (0.5ms)[0m  [1m[32mINSERT INTO "customers" ("fullname", "phone_number", "email", "image", "notes", "created_at", "updated_at") VALUES (?, ?, ?, ?, ?, ?, ?)[0m  [["fullname", "Ami"], ["phone_number", "20291023934"], ["email", "ami@rrc.ca"], ["image", ""], ["notes", "Ami short blue hair"], ["created_at", "2020-03-22 03:40:01.165880"], ["updated_at", "2020-03-22 03:40:01.165880"]]
  [1m[35m (0.6ms)[0m  [1m[36mcommit transaction[0m
Redirected to http://localhost:3000/admin/customers/2
Completed 302 Found in 9ms (ActiveRecord: 1.3ms | Allocations: 7796)


Started GET "/admin/customers/2" for ::1 at 2020-03-21 22:40:01 -0500
Processing by Admin::CustomersController#show as HTML
  Parameters: {"id"=>"2"}
  [1m[36mAdminUser Load (0.1ms)[0m  [1m[34mSELECT "admin_users".* FROM "admin_users" WHERE "admin_users"."id" = ? ORDER BY "admin_users"."id" ASC LIMIT ?[0m  [["id", 1], ["LIMIT", 1]]
  [1m[36mCustomer Load (0.1ms)[0m  [1m[34mSELECT "customers".* FROM "customers" WHERE "customers"."id" = ? LIMIT ?[0m  [["id", 2], ["LIMIT", 1]]
  Rendering /Users/yueranyu/.rvm/gems/ruby-2.6.3/gems/activeadmin-2.6.1/app/views/active_admin/resource/show.html.arb
  [1m[35m (0.2ms)[0m  [1m[34mSELECT COUNT(*) FROM "active_admin_comments" WHERE "active_admin_comments"."resource_type" = ? AND "active_admin_comments"."resource_id" = ? AND "active_admin_comments"."namespace" = ?[0m  [["resource_type", "Customer"], ["resource_id", 2], ["namespace", "admin"]]
  [1m[36mActiveAdmin::Comment Exists? (0.2ms)[0m  [1m[34mSELECT 1 AS one FROM "active_admin_comments" WHERE "active_admin_comments"."resource_type" = ? AND "active_admin_comments"."resource_id" = ? AND "active_admin_comments"."namespace" = ? LIMIT ? OFFSET ?[0m  [["resource_type", "Customer"], ["resource_id", 2], ["namespace", "admin"], ["LIMIT", 1], ["OFFSET", 0]]
  Rendered /Users/yueranyu/.rvm/gems/ruby-2.6.3/gems/activeadmin-2.6.1/app/views/active_admin/resource/show.html.arb (Duration: 25.3ms | Allocations: 29239)
Completed 200 OK in 29ms (Views: 25.3ms | ActiveRecord: 0.6ms | Allocations: 32398)


Started GET "/admin/customers" for ::1 at 2020-03-21 22:40:03 -0500
Processing by Admin::CustomersController#index as HTML
  [1m[36mAdminUser Load (0.1ms)[0m  [1m[34mSELECT "admin_users".* FROM "admin_users" WHERE "admin_users"."id" = ? ORDER BY "admin_users"."id" ASC LIMIT ?[0m  [["id", 1], ["LIMIT", 1]]
  Rendering /Users/yueranyu/.rvm/gems/ruby-2.6.3/gems/activeadmin-2.6.1/app/views/active_admin/resource/index.html.arb
  [1m[35m (0.1ms)[0m  [1m[34mSELECT COUNT(*) FROM (SELECT 1 AS one FROM "customers" LIMIT ? OFFSET ?) subquery_for_count[0m  [["LIMIT", 30], ["OFFSET", 0]]
  [1m[35mCACHE  (0.0ms)[0m  [1m[34mSELECT COUNT(*) FROM (SELECT 1 AS one FROM "customers" LIMIT ? OFFSET ?) subquery_for_count[0m  [["LIMIT", 30], ["OFFSET", 0]]
  [1m[35m (0.1ms)[0m  [1m[34mSELECT COUNT(*) FROM "customers"[0m
  [1m[35mCACHE  (0.0ms)[0m  [1m[34mSELECT COUNT(*) FROM (SELECT 1 AS one FROM "customers" LIMIT ? OFFSET ?) subquery_for_count[0m  [["LIMIT", 30], ["OFFSET", 0]]
  [1m[36mCustomer Load (0.1ms)[0m  [1m[34mSELECT "customers".* FROM "customers" ORDER BY "customers"."id" desc LIMIT ? OFFSET ?[0m  [["LIMIT", 30], ["OFFSET", 0]]
  Rendered /Users/yueranyu/.rvm/gems/ruby-2.6.3/gems/activeadmin-2.6.1/app/views/active_admin/resource/index.html.arb (Duration: 39.4ms | Allocations: 45659)
Completed 200 OK in 42ms (Views: 39.4ms | ActiveRecord: 0.5ms | Allocations: 47975)


Started GET "/admin/customers/1/edit" for ::1 at 2020-03-21 22:40:07 -0500
Processing by Admin::CustomersController#edit as HTML
  Parameters: {"id"=>"1"}
  [1m[36mAdminUser Load (0.1ms)[0m  [1m[34mSELECT "admin_users".* FROM "admin_users" WHERE "admin_users"."id" = ? ORDER BY "admin_users"."id" ASC LIMIT ?[0m  [["id", 1], ["LIMIT", 1]]
  [1m[36mCustomer Load (0.1ms)[0m  [1m[34mSELECT "customers".* FROM "customers" WHERE "customers"."id" = ? LIMIT ?[0m  [["id", 1], ["LIMIT", 1]]
  Rendering /Users/yueranyu/.rvm/gems/ruby-2.6.3/gems/activeadmin-2.6.1/app/views/active_admin/resource/edit.html.arb
  [1m[36mCACHE Customer Load (0.0ms)[0m  [1m[34mSELECT "customers".* FROM "customers" WHERE "customers"."id" = ? LIMIT ?[0m  [["id", 1], ["LIMIT", 1]]
  Rendered /Users/yueranyu/.rvm/gems/ruby-2.6.3/gems/activeadmin-2.6.1/app/views/active_admin/resource/edit.html.arb (Duration: 21.5ms | Allocations: 29008)
Completed 200 OK in 27ms (Views: 23.1ms | ActiveRecord: 0.2ms | Allocations: 32560)


Started PATCH "/admin/customers/1" for ::1 at 2020-03-21 22:40:41 -0500
Processing by Admin::CustomersController#update as HTML
  Parameters: {"authenticity_token"=>"OzPRWt39P156kPSbG9DyfoAkZAYMiK01QDfQSw/PnwkuHVUWfHKXqexJKiE6MuoFaMKUqvRZ1FrE1jjC9Sw3Fg==", "customer"=>{"fullname"=>"Moon", "phone_number"=>"1233333444", "email"=>"moon@rrc.ca", "image"=>"", "notes"=>"Moon is the leader among her sisters."}, "commit"=>"Update Customer", "id"=>"1"}
  [1m[36mAdminUser Load (0.1ms)[0m  [1m[34mSELECT "admin_users".* FROM "admin_users" WHERE "admin_users"."id" = ? ORDER BY "admin_users"."id" ASC LIMIT ?[0m  [["id", 1], ["LIMIT", 1]]
  [1m[36mCustomer Load (0.1ms)[0m  [1m[34mSELECT "customers".* FROM "customers" WHERE "customers"."id" = ? LIMIT ?[0m  [["id", 1], ["LIMIT", 1]]
  [1m[35m (0.0ms)[0m  [1m[36mbegin transaction[0m
  [1m[36mCustomer Update (0.3ms)[0m  [1m[33mUPDATE "customers" SET "email" = ?, "notes" = ?, "updated_at" = ? WHERE "customers"."id" = ?[0m  [["email", "moon@rrc.ca"], ["notes", "Moon is the leader among her sisters."], ["updated_at", "2020-03-22 03:40:41.704029"], ["id", 1]]
  [1m[35m (0.7ms)[0m  [1m[36mcommit transaction[0m
Redirected to http://localhost:3000/admin/customers/1
Completed 302 Found in 24ms (ActiveRecord: 1.3ms | Allocations: 11610)


Started GET "/admin/customers/1" for ::1 at 2020-03-21 22:40:41 -0500
Processing by Admin::CustomersController#show as HTML
  Parameters: {"id"=>"1"}
  [1m[36mAdminUser Load (0.1ms)[0m  [1m[34mSELECT "admin_users".* FROM "admin_users" WHERE "admin_users"."id" = ? ORDER BY "admin_users"."id" ASC LIMIT ?[0m  [["id", 1], ["LIMIT", 1]]
  [1m[36mCustomer Load (0.1ms)[0m  [1m[34mSELECT "customers".* FROM "customers" WHERE "customers"."id" = ? LIMIT ?[0m  [["id", 1], ["LIMIT", 1]]
  Rendering /Users/yueranyu/.rvm/gems/ruby-2.6.3/gems/activeadmin-2.6.1/app/views/active_admin/resource/show.html.arb
  [1m[35m (0.1ms)[0m  [1m[34mSELECT COUNT(*) FROM "active_admin_comments" WHERE "active_admin_comments"."resource_type" = ? AND "active_admin_comments"."resource_id" = ? AND "active_admin_comments"."namespace" = ?[0m  [["resource_type", "Customer"], ["resource_id", 1], ["namespace", "admin"]]
  [1m[36mActiveAdmin::Comment Exists? (0.1ms)[0m  [1m[34mSELECT 1 AS one FROM "active_admin_comments" WHERE "active_admin_comments"."resource_type" = ? AND "active_admin_comments"."resource_id" = ? AND "active_admin_comments"."namespace" = ? LIMIT ? OFFSET ?[0m  [["resource_type", "Customer"], ["resource_id", 1], ["namespace", "admin"], ["LIMIT", 1], ["OFFSET", 0]]
  Rendered /Users/yueranyu/.rvm/gems/ruby-2.6.3/gems/activeadmin-2.6.1/app/views/active_admin/resource/show.html.arb (Duration: 23.5ms | Allocations: 28794)
Completed 200 OK in 27ms (Views: 23.5ms | ActiveRecord: 0.5ms | Allocations: 31811)


Started GET "/admin/customers" for ::1 at 2020-03-21 22:40:45 -0500
Processing by Admin::CustomersController#index as HTML
  [1m[36mAdminUser Load (0.1ms)[0m  [1m[34mSELECT "admin_users".* FROM "admin_users" WHERE "admin_users"."id" = ? ORDER BY "admin_users"."id" ASC LIMIT ?[0m  [["id", 1], ["LIMIT", 1]]
  Rendering /Users/yueranyu/.rvm/gems/ruby-2.6.3/gems/activeadmin-2.6.1/app/views/active_admin/resource/index.html.arb
  [1m[35m (0.2ms)[0m  [1m[34mSELECT COUNT(*) FROM (SELECT 1 AS one FROM "customers" LIMIT ? OFFSET ?) subquery_for_count[0m  [["LIMIT", 30], ["OFFSET", 0]]
  [1m[35mCACHE  (0.0ms)[0m  [1m[34mSELECT COUNT(*) FROM (SELECT 1 AS one FROM "customers" LIMIT ? OFFSET ?) subquery_for_count[0m  [["LIMIT", 30], ["OFFSET", 0]]
  [1m[35m (0.1ms)[0m  [1m[34mSELECT COUNT(*) FROM "customers"[0m
  [1m[35mCACHE  (0.0ms)[0m  [1m[34mSELECT COUNT(*) FROM (SELECT 1 AS one FROM "customers" LIMIT ? OFFSET ?) subquery_for_count[0m  [["LIMIT", 30], ["OFFSET", 0]]
  [1m[36mCustomer Load (0.1ms)[0m  [1m[34mSELECT "customers".* FROM "customers" ORDER BY "customers"."id" desc LIMIT ? OFFSET ?[0m  [["LIMIT", 30], ["OFFSET", 0]]
  Rendered /Users/yueranyu/.rvm/gems/ruby-2.6.3/gems/activeadmin-2.6.1/app/views/active_admin/resource/index.html.arb (Duration: 48.8ms | Allocations: 45578)
Completed 200 OK in 52ms (Views: 48.7ms | ActiveRecord: 0.5ms | Allocations: 47764)


Started GET "/admin/customers/new" for ::1 at 2020-03-21 22:40:52 -0500
Processing by Admin::CustomersController#new as HTML
  [1m[36mAdminUser Load (0.1ms)[0m  [1m[34mSELECT "admin_users".* FROM "admin_users" WHERE "admin_users"."id" = ? ORDER BY "admin_users"."id" ASC LIMIT ?[0m  [["id", 1], ["LIMIT", 1]]
  Rendering /Users/yueranyu/.rvm/gems/ruby-2.6.3/gems/activeadmin-2.6.1/app/views/active_admin/resource/new.html.arb
  Rendered /Users/yueranyu/.rvm/gems/ruby-2.6.3/gems/activeadmin-2.6.1/app/views/active_admin/resource/new.html.arb (Duration: 21.4ms | Allocations: 25665)
Completed 200 OK in 24ms (Views: 21.9ms | ActiveRecord: 0.1ms | Allocations: 27698)


Started POST "/admin/customers" for ::1 at 2020-03-21 22:41:23 -0500
Processing by Admin::CustomersController#create as HTML
  Parameters: {"authenticity_token"=>"Ad0VMRFNYF1MHGPJmu9DBjGGwHmfypGCou/zUr/+qH8U85F9sMLIqtrFvXO7DVt92WAw1Wcb6O0mDhvbRR0AYA==", "customer"=>{"fullname"=>"Chibi Usa", "phone_number"=>"20412345678", "email"=>"", "image"=>"", "notes"=>"She is a little girl."}, "commit"=>"Create Customer"}
  [1m[36mAdminUser Load (0.1ms)[0m  [1m[34mSELECT "admin_users".* FROM "admin_users" WHERE "admin_users"."id" = ? ORDER BY "admin_users"."id" ASC LIMIT ?[0m  [["id", 1], ["LIMIT", 1]]
  [1m[35m (0.0ms)[0m  [1m[36mbegin transaction[0m
  [1m[36mCustomer Create (0.5ms)[0m  [1m[32mINSERT INTO "customers" ("fullname", "phone_number", "email", "image", "notes", "created_at", "updated_at") VALUES (?, ?, ?, ?, ?, ?, ?)[0m  [["fullname", "Chibi Usa"], ["phone_number", "20412345678"], ["email", ""], ["image", ""], ["notes", "She is a little girl."], ["created_at", "2020-03-22 03:41:23.617917"], ["updated_at", "2020-03-22 03:41:23.617917"]]
  [1m[35m (0.7ms)[0m  [1m[36mcommit transaction[0m
Redirected to http://localhost:3000/admin/customers/3
Completed 302 Found in 9ms (ActiveRecord: 1.4ms | Allocations: 7747)


Started GET "/admin/customers/3" for ::1 at 2020-03-21 22:41:23 -0500
Processing by Admin::CustomersController#show as HTML
  Parameters: {"id"=>"3"}
  [1m[36mAdminUser Load (0.1ms)[0m  [1m[34mSELECT "admin_users".* FROM "admin_users" WHERE "admin_users"."id" = ? ORDER BY "admin_users"."id" ASC LIMIT ?[0m  [["id", 1], ["LIMIT", 1]]
  [1m[36mCustomer Load (0.1ms)[0m  [1m[34mSELECT "customers".* FROM "customers" WHERE "customers"."id" = ? LIMIT ?[0m  [["id", 3], ["LIMIT", 1]]
  Rendering /Users/yueranyu/.rvm/gems/ruby-2.6.3/gems/activeadmin-2.6.1/app/views/active_admin/resource/show.html.arb
  [1m[35m (0.2ms)[0m  [1m[34mSELECT COUNT(*) FROM "active_admin_comments" WHERE "active_admin_comments"."resource_type" = ? AND "active_admin_comments"."resource_id" = ? AND "active_admin_comments"."namespace" = ?[0m  [["resource_type", "Customer"], ["resource_id", 3], ["namespace", "admin"]]
  [1m[36mActiveAdmin::Comment Exists? (0.1ms)[0m  [1m[34mSELECT 1 AS one FROM "active_admin_comments" WHERE "active_admin_comments"."resource_type" = ? AND "active_admin_comments"."resource_id" = ? AND "active_admin_comments"."namespace" = ? LIMIT ? OFFSET ?[0m  [["resource_type", "Customer"], ["resource_id", 3], ["namespace", "admin"], ["LIMIT", 1], ["OFFSET", 0]]
  Rendered /Users/yueranyu/.rvm/gems/ruby-2.6.3/gems/activeadmin-2.6.1/app/views/active_admin/resource/show.html.arb (Duration: 25.2ms | Allocations: 28994)
Completed 200 OK in 28ms (Views: 25.2ms | ActiveRecord: 0.5ms | Allocations: 32006)


Started GET "/admin/customers" for ::1 at 2020-03-21 22:41:26 -0500
Processing by Admin::CustomersController#index as HTML
  [1m[36mAdminUser Load (0.1ms)[0m  [1m[34mSELECT "admin_users".* FROM "admin_users" WHERE "admin_users"."id" = ? ORDER BY "admin_users"."id" ASC LIMIT ?[0m  [["id", 1], ["LIMIT", 1]]
  Rendering /Users/yueranyu/.rvm/gems/ruby-2.6.3/gems/activeadmin-2.6.1/app/views/active_admin/resource/index.html.arb
  [1m[35m (0.1ms)[0m  [1m[34mSELECT COUNT(*) FROM (SELECT 1 AS one FROM "customers" LIMIT ? OFFSET ?) subquery_for_count[0m  [["LIMIT", 30], ["OFFSET", 0]]
  [1m[35mCACHE  (0.0ms)[0m  [1m[34mSELECT COUNT(*) FROM (SELECT 1 AS one FROM "customers" LIMIT ? OFFSET ?) subquery_for_count[0m  [["LIMIT", 30], ["OFFSET", 0]]
  [1m[35m (0.1ms)[0m  [1m[34mSELECT COUNT(*) FROM "customers"[0m
  [1m[35mCACHE  (0.0ms)[0m  [1m[34mSELECT COUNT(*) FROM (SELECT 1 AS one FROM "customers" LIMIT ? OFFSET ?) subquery_for_count[0m  [["LIMIT", 30], ["OFFSET", 0]]
  [1m[36mCustomer Load (0.1ms)[0m  [1m[34mSELECT "customers".* FROM "customers" ORDER BY "customers"."id" desc LIMIT ? OFFSET ?[0m  [["LIMIT", 30], ["OFFSET", 0]]
  Rendered /Users/yueranyu/.rvm/gems/ruby-2.6.3/gems/activeadmin-2.6.1/app/views/active_admin/resource/index.html.arb (Duration: 51.1ms | Allocations: 47669)
Completed 200 OK in 54ms (Views: 51.2ms | ActiveRecord: 0.5ms | Allocations: 49856)


Started GET "/admin/customers/new" for ::1 at 2020-03-21 22:41:33 -0500
Processing by Admin::CustomersController#new as HTML
  [1m[36mAdminUser Load (0.1ms)[0m  [1m[34mSELECT "admin_users".* FROM "admin_users" WHERE "admin_users"."id" = ? ORDER BY "admin_users"."id" ASC LIMIT ?[0m  [["id", 1], ["LIMIT", 1]]
  Rendering /Users/yueranyu/.rvm/gems/ruby-2.6.3/gems/activeadmin-2.6.1/app/views/active_admin/resource/new.html.arb
  Rendered /Users/yueranyu/.rvm/gems/ruby-2.6.3/gems/activeadmin-2.6.1/app/views/active_admin/resource/new.html.arb (Duration: 22.0ms | Allocations: 25661)
Completed 200 OK in 25ms (Views: 22.4ms | ActiveRecord: 0.1ms | Allocations: 27693)


Started POST "/admin/customers" for ::1 at 2020-03-21 22:42:08 -0500
Processing by Admin::CustomersController#create as HTML
  Parameters: {"authenticity_token"=>"INYc/aHOi2GVvgosbwHZ+Shnx5nClobD//CiY2RWsC41+JixAEEjlgNn1JZO48GCwIE3NTpH/6x7EUrqnrUYMQ==", "customer"=>{"fullname"=>"Jupiter", "phone_number"=>"20434561234", "email"=>"", "image"=>"", "notes"=>"She is brown hair with green suit."}, "commit"=>"Create Customer"}
  [1m[36mAdminUser Load (0.1ms)[0m  [1m[34mSELECT "admin_users".* FROM "admin_users" WHERE "admin_users"."id" = ? ORDER BY "admin_users"."id" ASC LIMIT ?[0m  [["id", 1], ["LIMIT", 1]]
  [1m[35m (0.0ms)[0m  [1m[36mbegin transaction[0m
  [1m[36mCustomer Create (0.4ms)[0m  [1m[32mINSERT INTO "customers" ("fullname", "phone_number", "email", "image", "notes", "created_at", "updated_at") VALUES (?, ?, ?, ?, ?, ?, ?)[0m  [["fullname", "Jupiter"], ["phone_number", "20434561234"], ["email", ""], ["image", ""], ["notes", "She is brown hair with green suit."], ["created_at", "2020-03-22 03:42:08.987919"], ["updated_at", "2020-03-22 03:42:08.987919"]]
  [1m[35m (0.6ms)[0m  [1m[36mcommit transaction[0m
Redirected to http://localhost:3000/admin/customers/4
Completed 302 Found in 9ms (ActiveRecord: 1.2ms | Allocations: 7750)


Started GET "/admin/customers/4" for ::1 at 2020-03-21 22:42:08 -0500
Processing by Admin::CustomersController#show as HTML
  Parameters: {"id"=>"4"}
  [1m[36mAdminUser Load (0.1ms)[0m  [1m[34mSELECT "admin_users".* FROM "admin_users" WHERE "admin_users"."id" = ? ORDER BY "admin_users"."id" ASC LIMIT ?[0m  [["id", 1], ["LIMIT", 1]]
  [1m[36mCustomer Load (0.1ms)[0m  [1m[34mSELECT "customers".* FROM "customers" WHERE "customers"."id" = ? LIMIT ?[0m  [["id", 4], ["LIMIT", 1]]
  Rendering /Users/yueranyu/.rvm/gems/ruby-2.6.3/gems/activeadmin-2.6.1/app/views/active_admin/resource/show.html.arb
  [1m[35m (0.2ms)[0m  [1m[34mSELECT COUNT(*) FROM "active_admin_comments" WHERE "active_admin_comments"."resource_type" = ? AND "active_admin_comments"."resource_id" = ? AND "active_admin_comments"."namespace" = ?[0m  [["resource_type", "Customer"], ["resource_id", 4], ["namespace", "admin"]]
  [1m[36mActiveAdmin::Comment Exists? (0.2ms)[0m  [1m[34mSELECT 1 AS one FROM "active_admin_comments" WHERE "active_admin_comments"."resource_type" = ? AND "active_admin_comments"."resource_id" = ? AND "active_admin_comments"."namespace" = ? LIMIT ? OFFSET ?[0m  [["resource_type", "Customer"], ["resource_id", 4], ["namespace", "admin"], ["LIMIT", 1], ["OFFSET", 0]]
  Rendered /Users/yueranyu/.rvm/gems/ruby-2.6.3/gems/activeadmin-2.6.1/app/views/active_admin/resource/show.html.arb (Duration: 25.0ms | Allocations: 29001)
Completed 200 OK in 39ms (Views: 25.0ms | ActiveRecord: 0.5ms | Allocations: 32022)


Started GET "/admin/customers" for ::1 at 2020-03-21 22:42:13 -0500
Processing by Admin::CustomersController#index as HTML
  [1m[36mAdminUser Load (0.1ms)[0m  [1m[34mSELECT "admin_users".* FROM "admin_users" WHERE "admin_users"."id" = ? ORDER BY "admin_users"."id" ASC LIMIT ?[0m  [["id", 1], ["LIMIT", 1]]
  Rendering /Users/yueranyu/.rvm/gems/ruby-2.6.3/gems/activeadmin-2.6.1/app/views/active_admin/resource/index.html.arb
  [1m[35m (0.2ms)[0m  [1m[34mSELECT COUNT(*) FROM (SELECT 1 AS one FROM "customers" LIMIT ? OFFSET ?) subquery_for_count[0m  [["LIMIT", 30], ["OFFSET", 0]]
  [1m[35mCACHE  (0.0ms)[0m  [1m[34mSELECT COUNT(*) FROM (SELECT 1 AS one FROM "customers" LIMIT ? OFFSET ?) subquery_for_count[0m  [["LIMIT", 30], ["OFFSET", 0]]
  [1m[35m (0.1ms)[0m  [1m[34mSELECT COUNT(*) FROM "customers"[0m
  [1m[35mCACHE  (0.0ms)[0m  [1m[34mSELECT COUNT(*) FROM (SELECT 1 AS one FROM "customers" LIMIT ? OFFSET ?) subquery_for_count[0m  [["LIMIT", 30], ["OFFSET", 0]]
  [1m[36mCustomer Load (0.1ms)[0m  [1m[34mSELECT "customers".* FROM "customers" ORDER BY "customers"."id" desc LIMIT ? OFFSET ?[0m  [["LIMIT", 30], ["OFFSET", 0]]
  Rendered /Users/yueranyu/.rvm/gems/ruby-2.6.3/gems/activeadmin-2.6.1/app/views/active_admin/resource/index.html.arb (Duration: 52.0ms | Allocations: 49752)
Completed 200 OK in 55ms (Views: 52.1ms | ActiveRecord: 0.5ms | Allocations: 51947)


Started GET "/admin/customers/new" for ::1 at 2020-03-21 22:42:15 -0500
Processing by Admin::CustomersController#new as HTML
  [1m[36mAdminUser Load (0.1ms)[0m  [1m[34mSELECT "admin_users".* FROM "admin_users" WHERE "admin_users"."id" = ? ORDER BY "admin_users"."id" ASC LIMIT ?[0m  [["id", 1], ["LIMIT", 1]]
  Rendering /Users/yueranyu/.rvm/gems/ruby-2.6.3/gems/activeadmin-2.6.1/app/views/active_admin/resource/new.html.arb
  Rendered /Users/yueranyu/.rvm/gems/ruby-2.6.3/gems/activeadmin-2.6.1/app/views/active_admin/resource/new.html.arb (Duration: 21.6ms | Allocations: 25664)
Completed 200 OK in 24ms (Views: 22.0ms | ActiveRecord: 0.1ms | Allocations: 27697)


Started POST "/admin/customers" for ::1 at 2020-03-21 22:42:47 -0500
Processing by Admin::CustomersController#create as HTML
  Parameters: {"authenticity_token"=>"/gPYR599bTnCwvRCMZT2mmLJHQ2KqLOCExiAaQCdoCPrLVwLPvLFzlQbKvgQdu7hii/toXJ5yu2X+Wjg+n4IPA==", "customer"=>{"fullname"=>"Makato", "phone_number"=>"20434312342", "email"=>"", "image"=>"", "notes"=>"She is very happy."}, "commit"=>"Create Customer"}
  [1m[36mAdminUser Load (0.1ms)[0m  [1m[34mSELECT "admin_users".* FROM "admin_users" WHERE "admin_users"."id" = ? ORDER BY "admin_users"."id" ASC LIMIT ?[0m  [["id", 1], ["LIMIT", 1]]
  [1m[35m (0.0ms)[0m  [1m[36mbegin transaction[0m
  [1m[36mCustomer Create (0.4ms)[0m  [1m[32mINSERT INTO "customers" ("fullname", "phone_number", "email", "image", "notes", "created_at", "updated_at") VALUES (?, ?, ?, ?, ?, ?, ?)[0m  [["fullname", "Makato"], ["phone_number", "20434312342"], ["email", ""], ["image", ""], ["notes", "She is very happy."], ["created_at", "2020-03-22 03:42:47.923537"], ["updated_at", "2020-03-22 03:42:47.923537"]]
  [1m[35m (0.8ms)[0m  [1m[36mcommit transaction[0m
Redirected to http://localhost:3000/admin/customers/5
Completed 302 Found in 8ms (ActiveRecord: 1.3ms | Allocations: 7746)


Started GET "/admin/customers/5" for ::1 at 2020-03-21 22:42:47 -0500
Processing by Admin::CustomersController#show as HTML
  Parameters: {"id"=>"5"}
  [1m[36mAdminUser Load (0.1ms)[0m  [1m[34mSELECT "admin_users".* FROM "admin_users" WHERE "admin_users"."id" = ? ORDER BY "admin_users"."id" ASC LIMIT ?[0m  [["id", 1], ["LIMIT", 1]]
  [1m[36mCustomer Load (0.1ms)[0m  [1m[34mSELECT "customers".* FROM "customers" WHERE "customers"."id" = ? LIMIT ?[0m  [["id", 5], ["LIMIT", 1]]
  Rendering /Users/yueranyu/.rvm/gems/ruby-2.6.3/gems/activeadmin-2.6.1/app/views/active_admin/resource/show.html.arb
  [1m[35m (0.2ms)[0m  [1m[34mSELECT COUNT(*) FROM "active_admin_comments" WHERE "active_admin_comments"."resource_type" = ? AND "active_admin_comments"."resource_id" = ? AND "active_admin_comments"."namespace" = ?[0m  [["resource_type", "Customer"], ["resource_id", 5], ["namespace", "admin"]]
  [1m[36mActiveAdmin::Comment Exists? (0.1ms)[0m  [1m[34mSELECT 1 AS one FROM "active_admin_comments" WHERE "active_admin_comments"."resource_type" = ? AND "active_admin_comments"."resource_id" = ? AND "active_admin_comments"."namespace" = ? LIMIT ? OFFSET ?[0m  [["resource_type", "Customer"], ["resource_id", 5], ["namespace", "admin"], ["LIMIT", 1], ["OFFSET", 0]]
  Rendered /Users/yueranyu/.rvm/gems/ruby-2.6.3/gems/activeadmin-2.6.1/app/views/active_admin/resource/show.html.arb (Duration: 24.1ms | Allocations: 28994)
Completed 200 OK in 28ms (Views: 24.2ms | ActiveRecord: 0.5ms | Allocations: 32015)


Started GET "/admin/customers" for ::1 at 2020-03-21 22:42:49 -0500
Processing by Admin::CustomersController#index as HTML
  [1m[36mAdminUser Load (0.1ms)[0m  [1m[34mSELECT "admin_users".* FROM "admin_users" WHERE "admin_users"."id" = ? ORDER BY "admin_users"."id" ASC LIMIT ?[0m  [["id", 1], ["LIMIT", 1]]
  Rendering /Users/yueranyu/.rvm/gems/ruby-2.6.3/gems/activeadmin-2.6.1/app/views/active_admin/resource/index.html.arb
  [1m[35m (0.2ms)[0m  [1m[34mSELECT COUNT(*) FROM (SELECT 1 AS one FROM "customers" LIMIT ? OFFSET ?) subquery_for_count[0m  [["LIMIT", 30], ["OFFSET", 0]]
  [1m[35mCACHE  (0.0ms)[0m  [1m[34mSELECT COUNT(*) FROM (SELECT 1 AS one FROM "customers" LIMIT ? OFFSET ?) subquery_for_count[0m  [["LIMIT", 30], ["OFFSET", 0]]
  [1m[35m (0.1ms)[0m  [1m[34mSELECT COUNT(*) FROM "customers"[0m
  [1m[35mCACHE  (0.0ms)[0m  [1m[34mSELECT COUNT(*) FROM (SELECT 1 AS one FROM "customers" LIMIT ? OFFSET ?) subquery_for_count[0m  [["LIMIT", 30], ["OFFSET", 0]]
  [1m[36mCustomer Load (0.1ms)[0m  [1m[34mSELECT "customers".* FROM "customers" ORDER BY "customers"."id" desc LIMIT ? OFFSET ?[0m  [["LIMIT", 30], ["OFFSET", 0]]
  Rendered /Users/yueranyu/.rvm/gems/ruby-2.6.3/gems/activeadmin-2.6.1/app/views/active_admin/resource/index.html.arb (Duration: 44.6ms | Allocations: 51846)
Completed 200 OK in 57ms (Views: 44.5ms | ActiveRecord: 0.5ms | Allocations: 54036)


Started GET "/admin/customers/4/edit" for ::1 at 2020-03-21 22:42:56 -0500
Processing by Admin::CustomersController#edit as HTML
  Parameters: {"id"=>"4"}
  [1m[36mAdminUser Load (0.1ms)[0m  [1m[34mSELECT "admin_users".* FROM "admin_users" WHERE "admin_users"."id" = ? ORDER BY "admin_users"."id" ASC LIMIT ?[0m  [["id", 1], ["LIMIT", 1]]
  [1m[36mCustomer Load (0.1ms)[0m  [1m[34mSELECT "customers".* FROM "customers" WHERE "customers"."id" = ? LIMIT ?[0m  [["id", 4], ["LIMIT", 1]]
  Rendering /Users/yueranyu/.rvm/gems/ruby-2.6.3/gems/activeadmin-2.6.1/app/views/active_admin/resource/edit.html.arb
  [1m[36mCACHE Customer Load (0.0ms)[0m  [1m[34mSELECT "customers".* FROM "customers" WHERE "customers"."id" = ? LIMIT ?[0m  [["id", 4], ["LIMIT", 1]]
  Rendered /Users/yueranyu/.rvm/gems/ruby-2.6.3/gems/activeadmin-2.6.1/app/views/active_admin/resource/edit.html.arb (Duration: 32.2ms | Allocations: 27664)
Completed 200 OK in 36ms (Views: 32.6ms | ActiveRecord: 0.2ms | Allocations: 30667)


Started PATCH "/admin/customers/4" for ::1 at 2020-03-21 22:43:05 -0500
Processing by Admin::CustomersController#update as HTML
  Parameters: {"authenticity_token"=>"IM7Uf2dCgZKzJYvAImQE2HgpC3pdCy69I426W0XYZ4M14FAzxs0pZSX8VXoDhhyjkM/71qXaV9KnbFLSvzvPnA==", "customer"=>{"fullname"=>"Jupiter", "phone_number"=>"20434561234", "email"=>"", "image"=>"", "notes"=>"She is red hair with red suit."}, "commit"=>"Update Customer", "id"=>"4"}
  [1m[36mAdminUser Load (0.1ms)[0m  [1m[34mSELECT "admin_users".* FROM "admin_users" WHERE "admin_users"."id" = ? ORDER BY "admin_users"."id" ASC LIMIT ?[0m  [["id", 1], ["LIMIT", 1]]
  [1m[36mCustomer Load (0.1ms)[0m  [1m[34mSELECT "customers".* FROM "customers" WHERE "customers"."id" = ? LIMIT ?[0m  [["id", 4], ["LIMIT", 1]]
  [1m[35m (0.1ms)[0m  [1m[36mbegin transaction[0m
  [1m[36mCustomer Update (0.4ms)[0m  [1m[33mUPDATE "customers" SET "notes" = ?, "updated_at" = ? WHERE "customers"."id" = ?[0m  [["notes", "She is red hair with red suit."], ["updated_at", "2020-03-22 03:43:05.823259"], ["id", 4]]
  [1m[35m (0.8ms)[0m  [1m[36mcommit transaction[0m
Redirected to http://localhost:3000/admin/customers/4
Completed 302 Found in 9ms (ActiveRecord: 1.5ms | Allocations: 8811)


Started GET "/admin/customers/4" for ::1 at 2020-03-21 22:43:05 -0500
Processing by Admin::CustomersController#show as HTML
  Parameters: {"id"=>"4"}
  [1m[36mAdminUser Load (0.1ms)[0m  [1m[34mSELECT "admin_users".* FROM "admin_users" WHERE "admin_users"."id" = ? ORDER BY "admin_users"."id" ASC LIMIT ?[0m  [["id", 1], ["LIMIT", 1]]
  [1m[36mCustomer Load (0.1ms)[0m  [1m[34mSELECT "customers".* FROM "customers" WHERE "customers"."id" = ? LIMIT ?[0m  [["id", 4], ["LIMIT", 1]]
  Rendering /Users/yueranyu/.rvm/gems/ruby-2.6.3/gems/activeadmin-2.6.1/app/views/active_admin/resource/show.html.arb
  [1m[35m (0.2ms)[0m  [1m[34mSELECT COUNT(*) FROM "active_admin_comments" WHERE "active_admin_comments"."resource_type" = ? AND "active_admin_comments"."resource_id" = ? AND "active_admin_comments"."namespace" = ?[0m  [["resource_type", "Customer"], ["resource_id", 4], ["namespace", "admin"]]
  [1m[36mActiveAdmin::Comment Exists? (0.1ms)[0m  [1m[34mSELECT 1 AS one FROM "active_admin_comments" WHERE "active_admin_comments"."resource_type" = ? AND "active_admin_comments"."resource_id" = ? AND "active_admin_comments"."namespace" = ? LIMIT ? OFFSET ?[0m  [["resource_type", "Customer"], ["resource_id", 4], ["namespace", "admin"], ["LIMIT", 1], ["OFFSET", 0]]
  Rendered /Users/yueranyu/.rvm/gems/ruby-2.6.3/gems/activeadmin-2.6.1/app/views/active_admin/resource/show.html.arb (Duration: 24.3ms | Allocations: 28999)
Completed 200 OK in 28ms (Views: 24.4ms | ActiveRecord: 0.5ms | Allocations: 32017)


Started GET "/admin/customers" for ::1 at 2020-03-21 22:43:07 -0500
Processing by Admin::CustomersController#index as HTML
  [1m[36mAdminUser Load (0.1ms)[0m  [1m[34mSELECT "admin_users".* FROM "admin_users" WHERE "admin_users"."id" = ? ORDER BY "admin_users"."id" ASC LIMIT ?[0m  [["id", 1], ["LIMIT", 1]]
  Rendering /Users/yueranyu/.rvm/gems/ruby-2.6.3/gems/activeadmin-2.6.1/app/views/active_admin/resource/index.html.arb
  [1m[35m (0.1ms)[0m  [1m[34mSELECT COUNT(*) FROM (SELECT 1 AS one FROM "customers" LIMIT ? OFFSET ?) subquery_for_count[0m  [["LIMIT", 30], ["OFFSET", 0]]
  [1m[35mCACHE  (0.0ms)[0m  [1m[34mSELECT COUNT(*) FROM (SELECT 1 AS one FROM "customers" LIMIT ? OFFSET ?) subquery_for_count[0m  [["LIMIT", 30], ["OFFSET", 0]]
  [1m[35m (0.1ms)[0m  [1m[34mSELECT COUNT(*) FROM "customers"[0m
  [1m[35mCACHE  (0.0ms)[0m  [1m[34mSELECT COUNT(*) FROM (SELECT 1 AS one FROM "customers" LIMIT ? OFFSET ?) subquery_for_count[0m  [["LIMIT", 30], ["OFFSET", 0]]
  [1m[36mCustomer Load (0.2ms)[0m  [1m[34mSELECT "customers".* FROM "customers" ORDER BY "customers"."id" desc LIMIT ? OFFSET ?[0m  [["LIMIT", 30], ["OFFSET", 0]]
  Rendered /Users/yueranyu/.rvm/gems/ruby-2.6.3/gems/activeadmin-2.6.1/app/views/active_admin/resource/index.html.arb (Duration: 55.8ms | Allocations: 51846)
Completed 200 OK in 59ms (Views: 55.8ms | ActiveRecord: 0.6ms | Allocations: 54036)


Started GET "/" for ::1 at 2020-03-21 22:45:01 -0500
  [1m[35m (0.1ms)[0m  [1m[34mSELECT sqlite_version(*)[0m
Processing by CustomersController#index as HTML
  Rendering customers/index.html.erb within layouts/application
  Rendered customers/index.html.erb within layouts/application (Duration: 0.0ms | Allocations: 4)
[Webpacker] Everything's up-to-date. Nothing to do
Completed 200 OK in 8ms (Views: 7.1ms | ActiveRecord: 0.0ms | Allocations: 6015)


Started GET "/" for ::1 at 2020-03-21 22:46:35 -0500
Processing by CustomersController#index as HTML
  Rendering customers/index.html.erb within layouts/application
  [1m[36mCustomer Load (0.2ms)[0m  [1m[34mSELECT "customers".* FROM "customers"[0m
  ↳ app/views/customers/index.html.erb:3
  Rendered customers/index.html.erb within layouts/application (Duration: 7.0ms | Allocations: 5870)
[Webpacker] Everything's up-to-date. Nothing to do
Completed 200 OK in 18ms (Views: 16.1ms | ActiveRecord: 0.7ms | Allocations: 12944)


Started GET "/" for ::1 at 2020-03-21 22:46:45 -0500
Processing by CustomersController#index as HTML
  Rendering customers/index.html.erb within layouts/application
  [1m[36mCustomer Load (0.1ms)[0m  [1m[34mSELECT "customers".* FROM "customers"[0m
  ↳ app/views/customers/index.html.erb:3
  Rendered customers/index.html.erb within layouts/application (Duration: 2.4ms | Allocations: 776)
[Webpacker] Everything's up-to-date. Nothing to do
Completed 200 OK in 22ms (Views: 20.2ms | ActiveRecord: 0.1ms | Allocations: 7845)


Started GET "/" for ::1 at 2020-03-21 23:24:51 -0500
  [1m[35m (0.0ms)[0m  [1m[34mSELECT sqlite_version(*)[0m
Processing by CustomersController#index as HTML
  Rendering customers/index.html.erb within layouts/application
  [1m[36mCustomer Load (0.1ms)[0m  [1m[34mSELECT "customers".* FROM "customers"[0m
  ↳ app/views/customers/index.html.erb:5
  Rendered collection of customers/_customer.html.erb [5 times] (Duration: 349.5ms | Allocations: 241370)
  Rendered customers/index.html.erb within layouts/application (Duration: 352.8ms | Allocations: 242449)
Completed 500 Internal Server Error in 358ms (ActiveRecord: 0.1ms | Allocations: 244014)


  
ActionView::Template::Error (undefined local variable or method `horse' for #<#<Class:0x00007ff27ea0b900>:0x00007ff27ea67a48>):
    1: <div class="column">
    2:   <div class="card">
    3:   <% if horse.image.present?  %>
    4:     <div class= "card-image">
    5:       <figure class="image">
    6:       <%= image_tag horse.image %>
  
app/views/customers/_customer.html.erb:3
app/views/customers/index.html.erb:5
Started GET "/" for ::1 at 2020-03-21 23:28:08 -0500
Processing by CustomersController#index as HTML
  Rendering customers/index.html.erb within layouts/application
  [1m[36mCustomer Load (0.1ms)[0m  [1m[34mSELECT "customers".* FROM "customers"[0m
  ↳ app/views/customers/index.html.erb:5
  Rendered collection of customers/_customer.html.erb [5 times] (Duration: 0.5ms | Allocations: 344)
  Rendered customers/index.html.erb within layouts/application (Duration: 2.5ms | Allocations: 1404)
[Webpacker] Everything's up-to-date. Nothing to do
Completed 200 OK in 13ms (Views: 11.6ms | ActiveRecord: 0.1ms | Allocations: 8531)


Started GET "/" for ::1 at 2020-03-21 23:42:12 -0500
  [1m[35m (0.1ms)[0m  [1m[34mSELECT sqlite_version(*)[0m
Processing by CustomersController#index as HTML
  Rendering customers/index.html.erb within layouts/application
  [1m[36mCustomer Load (0.2ms)[0m  [1m[34mSELECT "customers".* FROM "customers"[0m
  ↳ app/views/customers/index.html.erb:5
  Rendered collection of customers/_customer.html.erb [5 times] (Duration: 0.2ms | Allocations: 101)
  Rendered customers/index.html.erb within layouts/application (Duration: 1.3ms | Allocations: 927)
[Webpacker] Everything's up-to-date. Nothing to do
Completed 200 OK in 12ms (Views: 11.5ms | ActiveRecord: 0.2ms | Allocations: 6757)


Started GET "/" for ::1 at 2020-03-21 23:44:41 -0500
Processing by CustomersController#index as HTML
  Rendering customers/index.html.erb within layouts/application
  [1m[36mCustomer Load (0.1ms)[0m  [1m[34mSELECT "customers".* FROM "customers"[0m
  ↳ app/views/customers/index.html.erb:5
  Rendered collection of customers/_customer.html.erb [5 times] (Duration: 0.5ms | Allocations: 336)
  Rendered customers/index.html.erb within layouts/application (Duration: 2.1ms | Allocations: 1381)
[Webpacker] Everything's up-to-date. Nothing to do
Completed 500 Internal Server Error in 15ms (ActiveRecord: 0.1ms | Allocations: 9937)


  
ActionView::Template::Error (Missing partial customers/_index with {:locale=>[:en], :formats=>[:html], :variants=>[], :handlers=>[:raw, :erb, :html, :builder, :ruby, :arb, :jbuilder]}. Searched in:
  * "/Users/yueranyu/Public/Term5/02Ruby_on_Rails/Challenge/YueranYu_UltimateChallenges/CustomerRelationManager/app/views"
  * "/Users/yueranyu/.rvm/gems/ruby-2.6.3/gems/devise-4.7.1/app/views"
  * "/Users/yueranyu/.rvm/gems/ruby-2.6.3/gems/activeadmin-2.6.1/app/views"
  * "/Users/yueranyu/.rvm/gems/ruby-2.6.3/gems/kaminari-core-1.2.0/app/views"
  * "/Users/yueranyu/.rvm/gems/ruby-2.6.3/gems/actiontext-6.0.2.2/app/views"
  * "/Users/yueranyu/.rvm/gems/ruby-2.6.3/gems/actionmailbox-6.0.2.2/app/views"
):
    17:         <header>
    18:           <h1 class="title is-1"><%= link_to 'All Customers', root_path %></h1>
    19:         </header>
    20:         <%= render partial: 'customers/index' %>
    21:         <%= yield %>
    22:       </div>
    23:     </section>
  
app/views/layouts/application.html.erb:20
Started GET "/" for ::1 at 2020-03-21 23:45:38 -0500
Processing by CustomersController#index as HTML
  Rendering customers/index.html.erb within layouts/application
  [1m[36mCustomer Load (0.1ms)[0m  [1m[34mSELECT "customers".* FROM "customers"[0m
  ↳ app/views/customers/index.html.erb:5
  Rendered collection of customers/_customer.html.erb [5 times] (Duration: 0.5ms | Allocations: 336)
  Rendered customers/index.html.erb within layouts/application (Duration: 2.1ms | Allocations: 1381)
[Webpacker] Everything's up-to-date. Nothing to do
Completed 200 OK in 13ms (Views: 11.5ms | ActiveRecord: 0.1ms | Allocations: 8511)


Started GET "/" for ::1 at 2020-03-21 23:46:48 -0500
Processing by CustomersController#index as HTML
  Rendering customers/index.html.erb within layouts/application
  [1m[36mCustomer Load (0.1ms)[0m  [1m[34mSELECT "customers".* FROM "customers"[0m
  ↳ app/views/customers/index.html.erb:5
  Rendered collection of customers/_customer.html.erb [5 times] (Duration: 0.5ms | Allocations: 336)
  Rendered customers/index.html.erb within layouts/application (Duration: 2.2ms | Allocations: 1388)
[Webpacker] Everything's up-to-date. Nothing to do
Completed 200 OK in 12ms (Views: 11.3ms | ActiveRecord: 0.1ms | Allocations: 8527)


Started GET "/" for ::1 at 2020-03-21 23:46:59 -0500
Processing by CustomersController#index as HTML
  Rendering customers/index.html.erb within layouts/application
  [1m[36mCustomer Load (0.1ms)[0m  [1m[34mSELECT "customers".* FROM "customers"[0m
  ↳ app/views/customers/index.html.erb:5
  Rendered collection of customers/_customer.html.erb [5 times] (Duration: 0.5ms | Allocations: 336)
  Rendered customers/index.html.erb within layouts/application (Duration: 2.2ms | Allocations: 1382)
[Webpacker] Everything's up-to-date. Nothing to do
Completed 200 OK in 12ms (Views: 11.3ms | ActiveRecord: 0.1ms | Allocations: 8504)


Started GET "/" for ::1 at 2020-03-21 23:47:15 -0500
Processing by CustomersController#index as HTML
  Rendering customers/index.html.erb within layouts/application
  [1m[36mCustomer Load (0.1ms)[0m  [1m[34mSELECT "customers".* FROM "customers"[0m
  ↳ app/views/customers/index.html.erb:5
  Rendered collection of customers/_customer.html.erb [5 times] (Duration: 0.5ms | Allocations: 336)
  Rendered customers/index.html.erb within layouts/application (Duration: 2.1ms | Allocations: 1381)
[Webpacker] Everything's up-to-date. Nothing to do
Completed 200 OK in 12ms (Views: 11.0ms | ActiveRecord: 0.1ms | Allocations: 8454)


Started GET "/admin" for ::1 at 2020-03-21 23:49:09 -0500
Processing by Admin::DashboardController#index as HTML
  [1m[36mAdminUser Load (0.1ms)[0m  [1m[34mSELECT "admin_users".* FROM "admin_users" WHERE "admin_users"."id" = ? ORDER BY "admin_users"."id" ASC LIMIT ?[0m  [["id", 1], ["LIMIT", 1]]
  Rendering /Users/yueranyu/.rvm/gems/ruby-2.6.3/gems/activeadmin-2.6.1/app/views/active_admin/page/index.html.arb
  Rendered /Users/yueranyu/.rvm/gems/ruby-2.6.3/gems/activeadmin-2.6.1/app/views/active_admin/page/index.html.arb (Duration: 16.6ms | Allocations: 16729)
Completed 200 OK in 36ms (Views: 17.9ms | ActiveRecord: 0.6ms | Allocations: 28727)


Started GET "/admin/customers" for ::1 at 2020-03-21 23:49:11 -0500
Processing by Admin::CustomersController#index as HTML
  [1m[36mAdminUser Load (0.1ms)[0m  [1m[34mSELECT "admin_users".* FROM "admin_users" WHERE "admin_users"."id" = ? ORDER BY "admin_users"."id" ASC LIMIT ?[0m  [["id", 1], ["LIMIT", 1]]
  Rendering /Users/yueranyu/.rvm/gems/ruby-2.6.3/gems/activeadmin-2.6.1/app/views/active_admin/resource/index.html.arb
  [1m[35m (0.1ms)[0m  [1m[34mSELECT COUNT(*) FROM (SELECT 1 AS one FROM "customers" LIMIT ? OFFSET ?) subquery_for_count[0m  [["LIMIT", 30], ["OFFSET", 0]]
  [1m[35mCACHE  (0.0ms)[0m  [1m[34mSELECT COUNT(*) FROM (SELECT 1 AS one FROM "customers" LIMIT ? OFFSET ?) subquery_for_count[0m  [["LIMIT", 30], ["OFFSET", 0]]
  [1m[35m (0.1ms)[0m  [1m[34mSELECT COUNT(*) FROM "customers"[0m
  [1m[35mCACHE  (0.0ms)[0m  [1m[34mSELECT COUNT(*) FROM (SELECT 1 AS one FROM "customers" LIMIT ? OFFSET ?) subquery_for_count[0m  [["LIMIT", 30], ["OFFSET", 0]]
  [1m[36mCustomer Load (0.2ms)[0m  [1m[34mSELECT "customers".* FROM "customers" ORDER BY "customers"."id" desc LIMIT ? OFFSET ?[0m  [["LIMIT", 30], ["OFFSET", 0]]
  Rendered /Users/yueranyu/.rvm/gems/ruby-2.6.3/gems/activeadmin-2.6.1/app/views/active_admin/resource/index.html.arb (Duration: 61.2ms | Allocations: 53643)
Completed 200 OK in 66ms (Views: 63.0ms | ActiveRecord: 0.5ms | Allocations: 57026)


Started GET "/admin/customers/new" for ::1 at 2020-03-21 23:49:28 -0500
Processing by Admin::CustomersController#new as HTML
  [1m[36mAdminUser Load (0.1ms)[0m  [1m[34mSELECT "admin_users".* FROM "admin_users" WHERE "admin_users"."id" = ? ORDER BY "admin_users"."id" ASC LIMIT ?[0m  [["id", 1], ["LIMIT", 1]]
  Rendering /Users/yueranyu/.rvm/gems/ruby-2.6.3/gems/activeadmin-2.6.1/app/views/active_admin/resource/new.html.arb
  Rendered /Users/yueranyu/.rvm/gems/ruby-2.6.3/gems/activeadmin-2.6.1/app/views/active_admin/resource/new.html.arb (Duration: 19.7ms | Allocations: 25780)
Completed 200 OK in 24ms (Views: 21.6ms | ActiveRecord: 0.1ms | Allocations: 28744)


Started POST "/admin/customers" for ::1 at 2020-03-21 23:50:13 -0500
Processing by Admin::CustomersController#create as HTML
  Parameters: {"authenticity_token"=>"T4/QOcYjVoAA+TQASgZQBLoW7tqIxrUC1Jxa2dmS2ZtaoVR1Z6z+d5Yg6rpr5Eh/UvAednAXzG1QfbJQI3FxhA==", "customer"=>{"fullname"=>"Mars", "phone_number"=>"20412121314", "email"=>"mars@rrc.ca", "image"=>"", "notes"=>"She has golden hair."}, "commit"=>"Create Customer"}
  [1m[36mAdminUser Load (0.1ms)[0m  [1m[34mSELECT "admin_users".* FROM "admin_users" WHERE "admin_users"."id" = ? ORDER BY "admin_users"."id" ASC LIMIT ?[0m  [["id", 1], ["LIMIT", 1]]
  [1m[35m (0.0ms)[0m  [1m[36mbegin transaction[0m
  [1m[36mCustomer Create (0.4ms)[0m  [1m[32mINSERT INTO "customers" ("fullname", "phone_number", "email", "image", "notes", "created_at", "updated_at") VALUES (?, ?, ?, ?, ?, ?, ?)[0m  [["fullname", "Mars"], ["phone_number", "20412121314"], ["email", "mars@rrc.ca"], ["image", ""], ["notes", "She has golden hair."], ["created_at", "2020-03-22 04:50:13.052065"], ["updated_at", "2020-03-22 04:50:13.052065"]]
  [1m[35m (0.6ms)[0m  [1m[36mcommit transaction[0m
Redirected to http://localhost:3000/admin/customers/6
Completed 302 Found in 13ms (ActiveRecord: 1.2ms | Allocations: 10511)


Started GET "/admin/customers/6" for ::1 at 2020-03-21 23:50:13 -0500
Processing by Admin::CustomersController#show as HTML
  Parameters: {"id"=>"6"}
  [1m[36mAdminUser Load (0.1ms)[0m  [1m[34mSELECT "admin_users".* FROM "admin_users" WHERE "admin_users"."id" = ? ORDER BY "admin_users"."id" ASC LIMIT ?[0m  [["id", 1], ["LIMIT", 1]]
  [1m[36mCustomer Load (0.2ms)[0m  [1m[34mSELECT "customers".* FROM "customers" WHERE "customers"."id" = ? LIMIT ?[0m  [["id", 6], ["LIMIT", 1]]
  Rendering /Users/yueranyu/.rvm/gems/ruby-2.6.3/gems/activeadmin-2.6.1/app/views/active_admin/resource/show.html.arb
  [1m[35m (0.2ms)[0m  [1m[34mSELECT COUNT(*) FROM "active_admin_comments" WHERE "active_admin_comments"."resource_type" = ? AND "active_admin_comments"."resource_id" = ? AND "active_admin_comments"."namespace" = ?[0m  [["resource_type", "Customer"], ["resource_id", 6], ["namespace", "admin"]]
  [1m[36mActiveAdmin::Comment Exists? (0.1ms)[0m  [1m[34mSELECT 1 AS one FROM "active_admin_comments" WHERE "active_admin_comments"."resource_type" = ? AND "active_admin_comments"."resource_id" = ? AND "active_admin_comments"."namespace" = ? LIMIT ? OFFSET ?[0m  [["resource_type", "Customer"], ["resource_id", 6], ["namespace", "admin"], ["LIMIT", 1], ["OFFSET", 0]]
  Rendered /Users/yueranyu/.rvm/gems/ruby-2.6.3/gems/activeadmin-2.6.1/app/views/active_admin/resource/show.html.arb (Duration: 26.0ms | Allocations: 29943)
Completed 200 OK in 31ms (Views: 27.8ms | ActiveRecord: 0.5ms | Allocations: 33984)


Started GET "/" for ::1 at 2020-03-21 23:58:31 -0500
  [1m[35m (0.4ms)[0m  [1m[34mSELECT sqlite_version(*)[0m
  [1m[35m (0.1ms)[0m  [1m[34mSELECT "schema_migrations"."version" FROM "schema_migrations" ORDER BY "schema_migrations"."version" ASC[0m
Processing by CustomersController#index as HTML
  Rendering customers/index.html.erb within layouts/application
  [1m[36mCustomer Load (0.2ms)[0m  [1m[34mSELECT "customers".* FROM "customers"[0m
  ↳ app/views/customers/index.html.erb:5
  Rendered collection of customers/_customer.html.erb [6 times] (Duration: 1.1ms | Allocations: 374)
  Rendered customers/index.html.erb within layouts/application (Duration: 13.0ms | Allocations: 7204)
[Webpacker] Everything's up-to-date. Nothing to do
Completed 200 OK in 487ms (Views: 480.1ms | ActiveRecord: 0.7ms | Allocations: 245583)


  [1m[35m (0.3ms)[0m  [1m[34mSELECT sqlite_version(*)[0m
  [1m[35m (0.1ms)[0m  [1m[34mSELECT "schema_migrations"."version" FROM "schema_migrations" ORDER BY "schema_migrations"."version" ASC[0m
Migrating to CreateActiveStorageTables (20200322051539)
  [1m[35m (0.0ms)[0m  [1m[36mbegin transaction[0m
  [1m[35m (0.4ms)[0m  [1m[35mCREATE TABLE "active_storage_blobs" ("id" integer PRIMARY KEY AUTOINCREMENT NOT NULL, "key" varchar NOT NULL, "filename" varchar NOT NULL, "content_type" varchar, "metadata" text, "byte_size" bigint NOT NULL, "checksum" varchar NOT NULL, "created_at" datetime NOT NULL)[0m
  [1m[35m (0.1ms)[0m  [1m[35mCREATE UNIQUE INDEX "index_active_storage_blobs_on_key" ON "active_storage_blobs" ("key")[0m
  [1m[35m (0.1ms)[0m  [1m[35mCREATE TABLE "active_storage_attachments" ("id" integer PRIMARY KEY AUTOINCREMENT NOT NULL, "name" varchar NOT NULL, "record_type" varchar NOT NULL, "record_id" integer NOT NULL, "blob_id" integer NOT NULL, "created_at" datetime NOT NULL, CONSTRAINT "fk_rails_c3b3935057"
FOREIGN KEY ("blob_id")
  REFERENCES "active_storage_blobs" ("id")
)[0m
  [1m[35m (0.1ms)[0m  [1m[35mCREATE  INDEX "index_active_storage_attachments_on_blob_id" ON "active_storage_attachments" ("blob_id")[0m
  [1m[35m (0.1ms)[0m  [1m[35mCREATE UNIQUE INDEX "index_active_storage_attachments_uniqueness" ON "active_storage_attachments" ("record_type", "record_id", "name", "blob_id")[0m
  [1m[36mprimary::SchemaMigration Create (0.1ms)[0m  [1m[32mINSERT INTO "schema_migrations" ("version") VALUES (?)[0m  [["version", "20200322051539"]]
  [1m[35m (1.5ms)[0m  [1m[36mcommit transaction[0m
  [1m[36mActiveRecord::InternalMetadata Load (0.1ms)[0m  [1m[34mSELECT "ar_internal_metadata".* FROM "ar_internal_metadata" WHERE "ar_internal_metadata"."key" = ? LIMIT ?[0m  [["key", "environment"], ["LIMIT", 1]]
  [1m[35m (0.0ms)[0m  [1m[34mSELECT sqlite_version(*)[0m
  [1m[35m (0.1ms)[0m  [1m[34mSELECT "schema_migrations"."version" FROM "schema_migrations" ORDER BY "schema_migrations"."version" ASC[0m
